Script started on 2025-04-22 07:41:27-05:00 [COMMAND="pnpm run web" TERM="xterm-256color" TTY="/dev/pts/1" COLUMNS="90" LINES="30"]

> yourplacesafed@1.0.0 web /run/media/sebas/Docs/Universidad/programacion/project_web/yourPlaceSafed
> expo start --web






[90mStarting project at /run/media/sebas/Docs/Universidad/programacion/project_web/yourPlaceSafed[39m
[90D[2K[2mStarting Metro Bundler[22m
[33mThe following packages should be updated for best compatibility with the installed [1mexpo[22m version:[39m
[33m  [1mreact-native-gesture-handler[22m[36m@[39m[33m[31m2.25.0[39m[33m - expected version: [32m~2.20.2[39m[33m[39m
[33m  [1mreact-native-reanimated[22m[36m@[39m[33m[31m3.17.4[39m[33m - expected version: [32m~3.16.1[39m[33m[39m
[33m  [1mreact-native-safe-area-context[22m[36m@[39m[33m[31m5.4.0[39m[33m - expected version: [32m4.12.0[39m[33m[39m
[33m  [1mreact-native-screens[22m[36m@[39m[33m[31m4.10.0[39m[33m - expected version: [32m~4.4.0[39m[33m[39m
[33m  [1mreact-native-svg[22m[36m@[39m[33m[31m15.11.2[39m[33m - expected version: [32m15.8.0[39m[33m[39m
[33mYour project may not work correctly until you install the expected versions of the packages.[39m
[90D[2K▄▄▄▄▄▄▄▄▄▄▄▄▄▄▄▄▄▄▄▄▄▄▄▄▄▄▄
█ ▄▄▄▄▄ █▀▀ ███▀ ▄█ ▄▄▄▄▄ █
█ █   █ █▄▀██▀█▄▀ █ █   █ █
█ █▄▄▄█ █ ▄ █ ▄█ ██ █▄▄▄█ █
█▄▄▄▄▄▄▄█ █ ▀▄█ █▄█▄▄▄▄▄▄▄█
█  █ ▀▀▄▄▀▀█  ▄▀▄▄▀  ▄▀▄▄▀█
██▄▀█▀▀▄██▀▀  ▀ ▀▄▄▀ ▀▀█▄▄█
█▄▄█  ▀▄  ▀▄ █  █▀█ ▄█ ██▀█
█▄▀▄▀ ▄▄ ▄█  █▀██ ▄▄ ▀▀██▄█
█▄▄████▄▄▀▀ █ ▀▄  ▄▄▄ █ ▄ █
█ ▄▄▄▄▄ █▄▄▀▄ █▄  █▄█  ▀ ▄█
█ █   █ █▀ ▄▀▄▄▀▀▄ ▄▄ █▀▄██
█ █▄▄▄█ █▀  ██  █  █▄  ▄█▄█
█▄▄▄▄▄▄▄█▄▄███▄▄█▄███▄▄█▄▄█

[90D[2K› Metro waiting on [4mexp://192.168.1.157:8081[24m
[90D[2K› Scan the QR code above with Expo Go (Android) or the Camera app (iOS)
[90D[2K
[90D[2K› Web is waiting on [4mhttp://localhost:8081[24m
[90D[2K
[90D[2K› Using [36mExpo Go[39m
[90D[2K› Press [1ms[22m [2m│[22m switch to development build

› Press [1ma[22m [2m│[22m open Android
› Press [1mw[22m [2m│[22m open web

› Press [1mj[22m [2m│[22m open debugger
› Press [1mr[22m [2m│[22m reload app
› Press [1mm[22m [2m│[22m toggle menu
› [1mshift+m[22m [2m│[22m more tools
› Press [1mo[22m [2m│[22m open project code in your editor

[90D[2K› Press [1m?[22m [2m│[22m show all commands
[90D[2K
[90D[2KLogs for your project will appear below.[2m Press Ctrl+C to exit.[22m
[90D[2K› Reloading apps
[33mNo apps connected. Sending "reload" to all React Native apps failed. Make sure your app is running in the simulator or on a phone connected via USB.[39m
[90D[2K[1mWeb[22m [0m[2m./[22m[0m[1mindex.js[22m [47m[37m░░░░░░░░░░░░░░░░[39m[49m[1m  0.0% [22m[2m(0/1)[22m
[1mWeb[22m [0m[2m./[22m[0m[1mindex.js[22m [47m[37m░░░░░░░░░░░░░░░░[39m[49m[1m  0.0% [22m[2m(0/1)[22m
[1mWeb[22m [0m[2m./[22m[0m[1mindex.js[22m [47m[37m░░░░░░░░░░░░░░░░[39m[49m[1m  0.0% [22m[2m(0/1)[22m
[1mWeb[22m [0m[2m./[22m[0m[1mindex.js[22m [47m[37m░░░░░░░░░░░░░░░░[39m[49m[1m  0.0% [22m[2m(0/1)[22m[90D[2K[1A[2K[1A[2K[1A[2K[1mWeb[22m [0m[2m./[22m[0m[1mindex.js[22m [47m[37m░░░░░░░░░░░░░░░░[39m[49m[1m  0.0% [22m[2m(1/1)[22m
[1mWeb[22m [0m[2m./[22m[0m[1mindex.js[22m [47m[37m░░░░░░░░░░░░░░░░[39m[49m[1m  0.0% [22m[2m(0/1)[22m
[1mWeb[22m [0m[2m./[22m[0m[1mindex.js[22m [47m[37m░░░░░░░░░░░░░░░░[39m[49m[1m  0.0% [22m[2m(0/1)[22m
[1mWeb[22m [0m[2m./[22m[0m[1mindex.js[22m [47m[37m░░░░░░░░░░░░░░░░[39m[49m[1m  0.0% [22m[2m(0/1)[22m[90D[2K[1A[2K[1A[2K[1A[2K[1mWeb[22m [0m[2m./[22m[0m[1mindex.js[22m [32m[42m▓▓▓▓[49m[39m[47m[37m░░░░░░░░░░░░[39m[49m[1m 25.0% [22m[2m(1/2)[22m
[1mWeb[22m [0m[2m./[22m[0m[1mindex.js[22m [47m[37m░░░░░░░░░░░░░░░░[39m[49m[1m  0.0% [22m[2m(0/1)[22m
[1mWeb[22m [0m[2m./[22m[0m[1mindex.js[22m [47m[37m░░░░░░░░░░░░░░░░[39m[49m[1m  0.0% [22m[2m(0/1)[22m
[1mWeb[22m [0m[2m./[22m[0m[1mindex.js[22m [47m[37m░░░░░░░░░░░░░░░░[39m[49m[1m  0.0% [22m[2m(0/1)[22m[90D[2K[1A[2K[1A[2K[1A[2K[1mWeb[22m [0m[2m./[22m[0m[1mindex.js[22m [32m[42m▓▓▓▓[49m[39m[47m[37m░░░░░░░░░░░░[39m[49m[1m 25.0% [22m[2m(1/4)[22m
[1mWeb[22m [0m[2m./[22m[0m[1mindex.js[22m [47m[37m░░░░░░░░░░░░░░░░[39m[49m[1m  0.0% [22m[2m(0/1)[22m
[1mWeb[22m [0m[2m./[22m[0m[1mindex.js[22m [47m[37m░░░░░░░░░░░░░░░░[39m[49m[1m  0.0% [22m[2m(0/1)[22m
[1mWeb[22m [0m[2m./[22m[0m[1mindex.js[22m [47m[37m░░░░░░░░░░░░░░░░[39m[49m[1m  0.0% [22m[2m(0/1)[22m[90D[2K[1A[2K[1A[2K[1A[2K[1mWeb[22m [0m[2m./[22m[0m[1mindex.js[22m [32m[42m▓▓▓▓[49m[39m[47m[37m░░░░░░░░░░░░[39m[49m[1m 25.0% [22m[2m(2/4)[22m
[1mWeb[22m [0m[2m./[22m[0m[1mindex.js[22m [47m[37m░░░░░░░░░░░░░░░░[39m[49m[1m  0.0% [22m[2m(0/1)[22m
[1mWeb[22m [0m[2m./[22m[0m[1mindex.js[22m [47m[37m░░░░░░░░░░░░░░░░[39m[49m[1m  0.0% [22m[2m(0/1)[22m
[1mWeb[22m [0m[2m./[22m[0m[1mindex.js[22m [47m[37m░░░░░░░░░░░░░░░░[39m[49m[1m  0.0% [22m[2m(0/1)[22m[90D[2K[1A[2K[1A[2K[1A[2K[1mWeb[22m [0m[2m./[22m[0m[1mindex.js[22m [32m[42m▓▓▓▓[49m[39m[47m[37m░░░░░░░░░░░░[39m[49m[1m 25.0% [22m[2m( 7/28)[22m
[1mWeb[22m [0m[2m./[22m[0m[1mindex.js[22m [47m[37m░░░░░░░░░░░░░░░░[39m[49m[1m  0.0% [22m[2m(0/1)[22m
[1mWeb[22m [0m[2m./[22m[0m[1mindex.js[22m [47m[37m░░░░░░░░░░░░░░░░[39m[49m[1m  0.0% [22m[2m(0/1)[22m
[1mWeb[22m [0m[2m./[22m[0m[1mindex.js[22m [47m[37m░░░░░░░░░░░░░░░░[39m[49m[1m  0.0% [22m[2m(0/1)[22m[90D[2K[1A[2K[1A[2K[1A[2K[1mWeb[22m [0m[2m./[22m[0m[1mindex.js[22m [32m[42m▓▓▓▓[49m[39m[47m[37m░░░░░░░░░░░░[39m[49m[1m 25.0% [22m[2m( 8/49)[22m
[1mWeb[22m [0m[2m./[22m[0m[1mindex.js[22m [47m[37m░░░░░░░░░░░░░░░░[39m[49m[1m  0.0% [22m[2m(0/1)[22m
[1mWeb[22m [0m[2m./[22m[0m[1mindex.js[22m [47m[37m░░░░░░░░░░░░░░░░[39m[49m[1m  0.0% [22m[2m(0/1)[22m
[1mWeb[22m [0m[2m./[22m[0m[1mindex.js[22m [47m[37m░░░░░░░░░░░░░░░░[39m[49m[1m  0.0% [22m[2m(0/1)[22m[90D[2K[1A[2K[1A[2K[1A[2K[1mWeb[22m [0m[2m./[22m[0m[1mindex.js[22m [32m[42m▓▓▓▓[49m[39m[47m[37m░░░░░░░░░░░░[39m[49m[1m 25.0% [22m[2m( 18/101)[22m
[1mWeb[22m [0m[2m./[22m[0m[1mindex.js[22m [47m[37m░░░░░░░░░░░░░░░░[39m[49m[1m  0.0% [22m[2m(0/1)[22m
[1mWeb[22m [0m[2m./[22m[0m[1mindex.js[22m [47m[37m░░░░░░░░░░░░░░░░[39m[49m[1m  0.0% [22m[2m(0/1)[22m
[1mWeb[22m [0m[2m./[22m[0m[1mindex.js[22m [47m[37m░░░░░░░░░░░░░░░░[39m[49m[1m  0.0% [22m[2m(0/1)[22m[90D[2K[1A[2K[1A[2K[1A[2K[1mWeb[22m [0m[2m./[22m[0m[1mindex.js[22m [32m[42m▓▓▓▓[49m[39m[47m[37m░░░░░░░░░░░░[39m[49m[1m 25.0% [22m[2m( 43/114)[22m
[1mWeb[22m [0m[2m./[22m[0m[1mindex.js[22m [47m[37m░░░░░░░░░░░░░░░░[39m[49m[1m  0.0% [22m[2m(0/1)[22m
[1mWeb[22m [0m[2m./[22m[0m[1mindex.js[22m [47m[37m░░░░░░░░░░░░░░░░[39m[49m[1m  0.0% [22m[2m(0/1)[22m
[1mWeb[22m [0m[2m./[22m[0m[1mindex.js[22m [47m[37m░░░░░░░░░░░░░░░░[39m[49m[1m  0.0% [22m[2m(0/1)[22m[90D[2K[1A[2K[1A[2K[1A[2K[1mWeb[22m [0m[2m./[22m[0m[1mindex.js[22m [32m[42m▓▓▓▓[49m[39m[47m[37m░░░░░░░░░░░░[39m[49m[1m 25.0% [22m[2m( 59/121)[22m
[1mWeb[22m [0m[2m./[22m[0m[1mindex.js[22m [47m[37m░░░░░░░░░░░░░░░░[39m[49m[1m  0.0% [22m[2m(0/1)[22m
[1mWeb[22m [0m[2m./[22m[0m[1mindex.js[22m [47m[37m░░░░░░░░░░░░░░░░[39m[49m[1m  0.0% [22m[2m(0/1)[22m
[1mWeb[22m [0m[2m./[22m[0m[1mindex.js[22m [47m[37m░░░░░░░░░░░░░░░░[39m[49m[1m  0.0% [22m[2m(0/1)[22m[90D[2K[1A[2K[1A[2K[1A[2K[1mWeb[22m [0m[2m./[22m[0m[1mindex.js[22m [32m[42m▓▓▓▓▓[49m[39m[47m[37m░░░░░░░░░░░[39m[49m[1m 32.7% [22m[2m( 72/126)[22m
[1mWeb[22m [0m[2m./[22m[0m[1mindex.js[22m [47m[37m░░░░░░░░░░░░░░░░[39m[49m[1m  0.0% [22m[2m(0/1)[22m
[1mWeb[22m [0m[2m./[22m[0m[1mindex.js[22m [47m[37m░░░░░░░░░░░░░░░░[39m[49m[1m  0.0% [22m[2m(0/1)[22m
[1mWeb[22m [0m[2m./[22m[0m[1mindex.js[22m [47m[37m░░░░░░░░░░░░░░░░[39m[49m[1m  0.0% [22m[2m(0/1)[22m[90D[2K[1A[2K[1A[2K[1A[2K[1mWeb[22m [0m[2m./[22m[0m[1mindex.js[22m [32m[42m▓▓▓▓▓▓[49m[39m[47m[37m░░░░░░░░░░[39m[49m[1m 38.4% [22m[2m( 83/134)[22m
[1mWeb[22m [0m[2m./[22m[0m[1mindex.js[22m [47m[37m░░░░░░░░░░░░░░░░[39m[49m[1m  0.0% [22m[2m(0/1)[22m
[1mWeb[22m [0m[2m./[22m[0m[1mindex.js[22m [47m[37m░░░░░░░░░░░░░░░░[39m[49m[1m  0.0% [22m[2m(0/1)[22m
[1mWeb[22m [0m[2m./[22m[0m[1mindex.js[22m [47m[37m░░░░░░░░░░░░░░░░[39m[49m[1m  0.0% [22m[2m(0/1)[22m[90D[2K[1A[2K[1A[2K[1A[2K[1mWeb[22m [0m[2m./[22m[0m[1mindex.js[22m [32m[42m▓▓▓▓▓▓[49m[39m[47m[37m░░░░░░░░░░[39m[49m[1m 38.4% [22m[2m( 98/183)[22m
[1mWeb[22m [0m[2m./[22m[0m[1mindex.js[22m [47m[37m░░░░░░░░░░░░░░░░[39m[49m[1m  0.0% [22m[2m(0/1)[22m
[1mWeb[22m [0m[2m./[22m[0m[1mindex.js[22m [47m[37m░░░░░░░░░░░░░░░░[39m[49m[1m  0.0% [22m[2m(0/1)[22m
[1mWeb[22m [0m[2m./[22m[0m[1mindex.js[22m [47m[37m░░░░░░░░░░░░░░░░[39m[49m[1m  0.0% [22m[2m(0/1)[22m[90D[2K[1A[2K[1A[2K[1A[2K[1mWeb[22m [0m[2m./[22m[0m[1mindex.js[22m [32m[42m▓▓▓▓▓▓[49m[39m[47m[37m░░░░░░░░░░[39m[49m[1m 38.4% [22m[2m(118/196)[22m
[1mWeb[22m [0m[2m./[22m[0m[1mindex.js[22m [47m[37m░░░░░░░░░░░░░░░░[39m[49m[1m  0.0% [22m[2m(0/1)[22m
[1mWeb[22m [0m[2m./[22m[0m[1mindex.js[22m [47m[37m░░░░░░░░░░░░░░░░[39m[49m[1m  0.0% [22m[2m(0/1)[22m
[1mWeb[22m [0m[2m./[22m[0m[1mindex.js[22m [47m[37m░░░░░░░░░░░░░░░░[39m[49m[1m  0.0% [22m[2m(0/1)[22m[90D[2K[1A[2K[1A[2K[1A[2K[1mWeb[22m [0m[2m./[22m[0m[1mindex.js[22m [32m[42m▓▓▓▓▓▓[49m[39m[47m[37m░░░░░░░░░░[39m[49m[1m 38.4% [22m[2m(124/203)[22m
[1mWeb[22m [0m[2m./[22m[0m[1mindex.js[22m [47m[37m░░░░░░░░░░░░░░░░[39m[49m[1m  0.0% [22m[2m(0/1)[22m
[1mWeb[22m [0m[2m./[22m[0m[1mindex.js[22m [47m[37m░░░░░░░░░░░░░░░░[39m[49m[1m  0.0% [22m[2m(0/1)[22m
[1mWeb[22m [0m[2m./[22m[0m[1mindex.js[22m [47m[37m░░░░░░░░░░░░░░░░[39m[49m[1m  0.0% [22m[2m(0/1)[22m[90D[2K[1A[2K[1A[2K[1A[2K[1mWeb[22m [0m[2m./[22m[0m[1mindex.js[22m [32m[42m▓▓▓▓▓▓[49m[39m[47m[37m░░░░░░░░░░[39m[49m[1m 38.4% [22m[2m(137/248)[22m
[1mWeb[22m [0m[2m./[22m[0m[1mindex.js[22m [47m[37m░░░░░░░░░░░░░░░░[39m[49m[1m  0.0% [22m[2m(0/1)[22m
[1mWeb[22m [0m[2m./[22m[0m[1mindex.js[22m [47m[37m░░░░░░░░░░░░░░░░[39m[49m[1m  0.0% [22m[2m(0/1)[22m
[1mWeb[22m [0m[2m./[22m[0m[1mindex.js[22m [47m[37m░░░░░░░░░░░░░░░░[39m[49m[1m  0.0% [22m[2m(0/1)[22m[90D[2K[1A[2K[1A[2K[1A[2K[1mWeb[22m [0m[2m./[22m[0m[1mindex.js[22m [32m[42m▓▓▓▓▓▓[49m[39m[47m[37m░░░░░░░░░░[39m[49m[1m 38.4% [22m[2m(150/254)[22m
[1mWeb[22m [0m[2m./[22m[0m[1mindex.js[22m [47m[37m░░░░░░░░░░░░░░░░[39m[49m[1m  0.0% [22m[2m(0/1)[22m
[1mWeb[22m [0m[2m./[22m[0m[1mindex.js[22m [47m[37m░░░░░░░░░░░░░░░░[39m[49m[1m  0.0% [22m[2m(0/1)[22m
[1mWeb[22m [0m[2m./[22m[0m[1mindex.js[22m [47m[37m░░░░░░░░░░░░░░░░[39m[49m[1m  0.0% [22m[2m(0/1)[22m[90D[2K[1A[2K[1A[2K[1A[2K[1mWeb[22m [0m[2m./[22m[0m[1mindex.js[22m [32m[42m▓▓▓▓▓▓[49m[39m[47m[37m░░░░░░░░░░[39m[49m[1m 38.4% [22m[2m(156/255)[22m
[1mWeb[22m [0m[2m./[22m[0m[1mindex.js[22m [47m[37m░░░░░░░░░░░░░░░░[39m[49m[1m  0.0% [22m[2m(0/1)[22m
[1mWeb[22m [0m[2m./[22m[0m[1mindex.js[22m [47m[37m░░░░░░░░░░░░░░░░[39m[49m[1m  0.0% [22m[2m(0/1)[22m
[1mWeb[22m [0m[2m./[22m[0m[1mindex.js[22m [47m[37m░░░░░░░░░░░░░░░░[39m[49m[1m  0.0% [22m[2m(0/1)[22m[90D[2K[1A[2K[1A[2K[1A[2K[1mWeb[22m [0m[2m./[22m[0m[1mindex.js[22m [32m[42m▓▓▓▓▓▓[49m[39m[47m[37m░░░░░░░░░░[39m[49m[1m 38.4% [22m[2m(182/301)[22m
[1mWeb[22m [0m[2m./[22m[0m[1mindex.js[22m [47m[37m░░░░░░░░░░░░░░░░[39m[49m[1m  0.0% [22m[2m(0/1)[22m
[1mWeb[22m [0m[2m./[22m[0m[1mindex.js[22m [47m[37m░░░░░░░░░░░░░░░░[39m[49m[1m  0.0% [22m[2m(0/1)[22m
[1mWeb[22m [0m[2m./[22m[0m[1mindex.js[22m [47m[37m░░░░░░░░░░░░░░░░[39m[49m[1m  0.0% [22m[2m(0/1)[22m[90D[2K[1A[2K[1A[2K[1A[2K[1mWeb[22m [0m[2m./[22m[0m[1mindex.js[22m [32m[42m▓▓▓▓▓▓[49m[39m[47m[37m░░░░░░░░░░[39m[49m[1m 43.4% [22m[2m(205/311)[22m
[1mWeb[22m [0m[2m./[22m[0m[1mindex.js[22m [47m[37m░░░░░░░░░░░░░░░░[39m[49m[1m  0.0% [22m[2m(0/1)[22m
[1mWeb[22m [0m[2m./[22m[0m[1mindex.js[22m [47m[37m░░░░░░░░░░░░░░░░[39m[49m[1m  0.0% [22m[2m(0/1)[22m
[1mWeb[22m [0m[2m./[22m[0m[1mindex.js[22m [47m[37m░░░░░░░░░░░░░░░░[39m[49m[1m  0.0% [22m[2m(0/1)[22m[90D[2K[1A[2K[1A[2K[1A[2K[1mWeb[22m [0m[2m./[22m[0m[1mindex.js[22m [32m[42m▓▓▓▓▓▓▓[49m[39m[47m[37m░░░░░░░░░[39m[49m[1m 47.3% [22m[2m(218/317)[22m
[1mWeb[22m [0m[2m./[22m[0m[1mindex.js[22m [47m[37m░░░░░░░░░░░░░░░░[39m[49m[1m  0.0% [22m[2m(0/1)[22m
[1mWeb[22m [0m[2m./[22m[0m[1mindex.js[22m [47m[37m░░░░░░░░░░░░░░░░[39m[49m[1m  0.0% [22m[2m(0/1)[22m
[1mWeb[22m [0m[2m./[22m[0m[1mindex.js[22m [47m[37m░░░░░░░░░░░░░░░░[39m[49m[1m  0.0% [22m[2m(0/1)[22m[90D[2K[1A[2K[1A[2K[1A[2K[1mWeb[22m [0m[2m./[22m[0m[1mindex.js[22m [32m[42m▓▓▓▓▓▓▓▓[49m[39m[47m[37m░░░░░░░░[39m[49m[1m 51.1% [22m[2m(228/319)[22m
[1mWeb[22m [0m[2m./[22m[0m[1mindex.js[22m [47m[37m░░░░░░░░░░░░░░░░[39m[49m[1m  0.0% [22m[2m(0/1)[22m
[1mWeb[22m [0m[2m./[22m[0m[1mindex.js[22m [47m[37m░░░░░░░░░░░░░░░░[39m[49m[1m  0.0% [22m[2m(0/1)[22m
[1mWeb[22m [0m[2m./[22m[0m[1mindex.js[22m [47m[37m░░░░░░░░░░░░░░░░[39m[49m[1m  0.0% [22m[2m(0/1)[22m[90D[2K[1A[2K[1A[2K[1A[2K[1mWeb[22m [0m[2m./[22m[0m[1mindex.js[22m [32m[42m▓▓▓▓▓▓▓▓[49m[39m[47m[37m░░░░░░░░[39m[49m[1m 56.1% [22m[2m(239/319)[22m
[1mWeb[22m [0m[2m./[22m[0m[1mindex.js[22m [47m[37m░░░░░░░░░░░░░░░░[39m[49m[1m  0.0% [22m[2m(0/1)[22m
[1mWeb[22m [0m[2m./[22m[0m[1mindex.js[22m [47m[37m░░░░░░░░░░░░░░░░[39m[49m[1m  0.0% [22m[2m(0/1)[22m
[1mWeb[22m [0m[2m./[22m[0m[1mindex.js[22m [47m[37m░░░░░░░░░░░░░░░░[39m[49m[1m  0.0% [22m[2m(0/1)[22m[90D[2K[1A[2K[1A[2K[1A[2K[1mWeb[22m [0m[2m./[22m[0m[1mindex.js[22m [32m[42m▓▓▓▓▓▓▓▓▓[49m[39m[47m[37m░░░░░░░[39m[49m[1m 61.5% [22m[2m(254/324)[22m
[1mWeb[22m [0m[2m./[22m[0m[1mindex.js[22m [47m[37m░░░░░░░░░░░░░░░░[39m[49m[1m  0.0% [22m[2m(0/1)[22m
[1mWeb[22m [0m[2m./[22m[0m[1mindex.js[22m [47m[37m░░░░░░░░░░░░░░░░[39m[49m[1m  0.0% [22m[2m(0/1)[22m
[1mWeb[22m [0m[2m./[22m[0m[1mindex.js[22m [47m[37m░░░░░░░░░░░░░░░░[39m[49m[1m  0.0% [22m[2m(0/1)[22m[90D[2K[1A[2K[1A[2K[1A[2K[1mWeb[22m [0m[2m./[22m[0m[1mindex.js[22m [32m[42m▓▓▓▓▓▓▓▓▓▓[49m[39m[47m[37m░░░░░░[39m[49m[1m 66.9% [22m[2m(269/329)[22m
[1mWeb[22m [0m[2m./[22m[0m[1mindex.js[22m [47m[37m░░░░░░░░░░░░░░░░[39m[49m[1m  0.0% [22m[2m(0/1)[22m
[1mWeb[22m [0m[2m./[22m[0m[1mindex.js[22m [47m[37m░░░░░░░░░░░░░░░░[39m[49m[1m  0.0% [22m[2m(0/1)[22m
[1mWeb[22m [0m[2m./[22m[0m[1mindex.js[22m [47m[37m░░░░░░░░░░░░░░░░[39m[49m[1m  0.0% [22m[2m(0/1)[22m[90D[2K[1A[2K[1A[2K[1A[2K[1mWeb[22m [0m[2m./[22m[0m[1mindex.js[22m [32m[42m▓▓▓▓▓▓▓▓▓▓[49m[39m[47m[37m░░░░░░[39m[49m[1m 68.6% [22m[2m(284/343)[22m
[1mWeb[22m [0m[2m./[22m[0m[1mindex.js[22m [47m[37m░░░░░░░░░░░░░░░░[39m[49m[1m  0.0% [22m[2m(0/1)[22m
[1mWeb[22m [0m[2m./[22m[0m[1mindex.js[22m [47m[37m░░░░░░░░░░░░░░░░[39m[49m[1m  0.0% [22m[2m(0/1)[22m
[1mWeb[22m [0m[2m./[22m[0m[1mindex.js[22m [47m[37m░░░░░░░░░░░░░░░░[39m[49m[1m  0.0% [22m[2m(0/1)[22m[90D[2K[1A[2K[1A[2K[1A[2K[1mWeb[22m [0m[2m./[22m[0m[1mindex.js[22m [32m[42m▓▓▓▓▓▓▓▓▓▓[49m[39m[47m[37m░░░░░░[39m[49m[1m 68.6% [22m[2m(296/364)[22m
[1mWeb[22m [0m[2m./[22m[0m[1mindex.js[22m [47m[37m░░░░░░░░░░░░░░░░[39m[49m[1m  0.0% [22m[2m(0/1)[22m
[1mWeb[22m [0m[2m./[22m[0m[1mindex.js[22m [47m[37m░░░░░░░░░░░░░░░░[39m[49m[1m  0.0% [22m[2m(0/1)[22m
[1mWeb[22m [0m[2m./[22m[0m[1mindex.js[22m [47m[37m░░░░░░░░░░░░░░░░[39m[49m[1m  0.0% [22m[2m(0/1)[22m[90D[2K[1A[2K[1A[2K[1A[2K[1mWeb[22m [0m[2m./[22m[0m[1mindex.js[22m [32m[42m▓▓▓▓▓▓▓▓▓▓▓[49m[39m[47m[37m░░░░░[39m[49m[1m 70.2% [22m[2m(310/370)[22m
[1mWeb[22m [0m[2m./[22m[0m[1mindex.js[22m [47m[37m░░░░░░░░░░░░░░░░[39m[49m[1m  0.0% [22m[2m(0/1)[22m
[1mWeb[22m [0m[2m./[22m[0m[1mindex.js[22m [47m[37m░░░░░░░░░░░░░░░░[39m[49m[1m  0.0% [22m[2m(0/1)[22m
[1mWeb[22m [0m[2m./[22m[0m[1mindex.js[22m [47m[37m░░░░░░░░░░░░░░░░[39m[49m[1m  0.0% [22m[2m(0/1)[22m[90D[2K[1A[2K[1A[2K[1A[2K[1mWeb[22m [0m[2m./[22m[0m[1mindex.js[22m [32m[42m▓▓▓▓▓▓▓▓▓▓▓[49m[39m[47m[37m░░░░░[39m[49m[1m 70.2% [22m[2m(319/389)[22m
[1mWeb[22m [0m[2m./[22m[0m[1mindex.js[22m [47m[37m░░░░░░░░░░░░░░░░[39m[49m[1m  0.0% [22m[2m(0/1)[22m
[1mWeb[22m [0m[2m./[22m[0m[1mindex.js[22m [47m[37m░░░░░░░░░░░░░░░░[39m[49m[1m  0.0% [22m[2m(0/1)[22m
[1mWeb[22m [0m[2m./[22m[0m[1mindex.js[22m [47m[37m░░░░░░░░░░░░░░░░[39m[49m[1m  0.0% [22m[2m(0/1)[22m[90D[2K[1A[2K[1A[2K[1A[2K[1mWeb[22m [0m[2m./[22m[0m[1mindex.js[22m [32m[42m▓▓▓▓▓▓▓▓▓▓▓[49m[39m[47m[37m░░░░░[39m[49m[1m 73.1% [22m[2m(336/393)[22m
[1mWeb[22m [0m[2m./[22m[0m[1mindex.js[22m [47m[37m░░░░░░░░░░░░░░░░[39m[49m[1m  0.0% [22m[2m(0/1)[22m
[1mWeb[22m [0m[2m./[22m[0m[1mindex.js[22m [47m[37m░░░░░░░░░░░░░░░░[39m[49m[1m  0.0% [22m[2m(0/1)[22m
[1mWeb[22m [0m[2m./[22m[0m[1mindex.js[22m [47m[37m░░░░░░░░░░░░░░░░[39m[49m[1m  0.0% [22m[2m(0/1)[22m[33mUnable to resolve asset "./assets/adaptive-icon.png" from "android.adaptiveIcon.foregroundImage" in your app.json or app.config.js[39m
[90D[2K[1A[2K[1A[2K[1A[2K[1mWeb[22m [0m[2m./[22m[0m[1mindex.js[22m [32m[42m▓▓▓▓▓▓▓▓▓▓▓[49m[39m[47m[37m░░░░░[39m[49m[1m 74.4% [22m[2m(345/400)[22m
[1mWeb[22m [0m[2m./[22m[0m[1mindex.js[22m [47m[37m░░░░░░░░░░░░░░░░[39m[49m[1m  0.0% [22m[2m(0/1)[22m
[1mWeb[22m [0m[2m./[22m[0m[1mindex.js[22m [47m[37m░░░░░░░░░░░░░░░░[39m[49m[1m  0.0% [22m[2m(0/1)[22m
[1mWeb[22m [0m[2m./[22m[0m[1mindex.js[22m [47m[37m░░░░░░░░░░░░░░░░[39m[49m[1m  0.0% [22m[2m(0/1)[22m[90D[2K[1A[2K[1A[2K[1A[2K[1mWeb[22m [0m[2m./[22m[0m[1mindex.js[22m [32m[42m▓▓▓▓▓▓▓▓▓▓▓▓[49m[39m[47m[37m░░░░[39m[49m[1m 79.4% [22m[2m(359/403)[22m
[1mWeb[22m [0m[2m./[22m[0m[1mindex.js[22m [47m[37m░░░░░░░░░░░░░░░░[39m[49m[1m  0.0% [22m[2m(0/1)[22m
[1mWeb[22m [0m[2m./[22m[0m[1mindex.js[22m [47m[37m░░░░░░░░░░░░░░░░[39m[49m[1m  0.0% [22m[2m(0/1)[22m
[1mWeb[22m [0m[2m./[22m[0m[1mindex.js[22m [47m[37m░░░░░░░░░░░░░░░░[39m[49m[1m  0.0% [22m[2m(0/1)[22m[90D[2K[1A[2K[1A[2K[1A[2K[1mWeb[22m [0m[2m./[22m[0m[1mindex.js[22m [32m[42m▓▓▓▓▓▓▓▓▓▓▓▓▓[49m[39m[47m[37m░░░[39m[49m[1m 83.4% [22m[2m(380/416)[22m
[1mWeb[22m [0m[2m./[22m[0m[1mindex.js[22m [47m[37m░░░░░░░░░░░░░░░░[39m[49m[1m  0.0% [22m[2m(0/1)[22m
[1mWeb[22m [0m[2m./[22m[0m[1mindex.js[22m [47m[37m░░░░░░░░░░░░░░░░[39m[49m[1m  0.0% [22m[2m(0/1)[22m
[1mWeb[22m [0m[2m./[22m[0m[1mindex.js[22m [47m[37m░░░░░░░░░░░░░░░░[39m[49m[1m  0.0% [22m[2m(0/1)[22m[90D[2K[1A[2K[1A[2K[1A[2K[1mWeb[22m [0m[2m./[22m[0m[1mindex.js[22m [32m[42m▓▓▓▓▓▓▓▓▓▓▓▓▓[49m[39m[47m[37m░░░[39m[49m[1m 83.4% [22m[2m(400/442)[22m
[1mWeb[22m [0m[2m./[22m[0m[1mindex.js[22m [47m[37m░░░░░░░░░░░░░░░░[39m[49m[1m  0.0% [22m[2m(0/1)[22m
[1mWeb[22m [0m[2m./[22m[0m[1mindex.js[22m [47m[37m░░░░░░░░░░░░░░░░[39m[49m[1m  0.0% [22m[2m(0/1)[22m
[1mWeb[22m [0m[2m./[22m[0m[1mindex.js[22m [47m[37m░░░░░░░░░░░░░░░░[39m[49m[1m  0.0% [22m[2m(0/1)[22m[90D[2K[1A[2K[1A[2K[1A[2K[1mWeb[22m [0m[2m./[22m[0m[1mindex.js[22m [32m[42m▓▓▓▓▓▓▓▓▓▓▓▓▓[49m[39m[47m[37m░░░[39m[49m[1m 86.3% [22m[2m(419/451)[22m
[1mWeb[22m [0m[2m./[22m[0m[1mindex.js[22m [47m[37m░░░░░░░░░░░░░░░░[39m[49m[1m  0.0% [22m[2m(0/1)[22m
[1mWeb[22m [0m[2m./[22m[0m[1mindex.js[22m [47m[37m░░░░░░░░░░░░░░░░[39m[49m[1m  0.0% [22m[2m(0/1)[22m
[1mWeb[22m [0m[2m./[22m[0m[1mindex.js[22m [47m[37m░░░░░░░░░░░░░░░░[39m[49m[1m  0.0% [22m[2m(0/1)[22m[33mUnable to resolve asset "./assets/adaptive-icon.png" from "android.adaptiveIcon.foregroundImage" in your app.json or app.config.js[39m
[90D[2K[1A[2K[1A[2K[1A[2K[1mWeb[22m [0m[2m./[22m[0m[1mindex.js[22m [32m[42m▓▓▓▓▓▓▓▓▓▓▓▓▓▓[49m[39m[47m[37m░░[39m[49m[1m 93.5% [22m[2m(437/452)[22m
[1mWeb[22m [0m[2m./[22m[0m[1mindex.js[22m [47m[37m░░░░░░░░░░░░░░░░[39m[49m[1m  0.0% [22m[2m(0/1)[22m
[1mWeb[22m [0m[2m./[22m[0m[1mindex.js[22m [47m[37m░░░░░░░░░░░░░░░░[39m[49m[1m  0.0% [22m[2m(0/1)[22m
[1mWeb[22m [0m[2m./[22m[0m[1mindex.js[22m [47m[37m░░░░░░░░░░░░░░░░[39m[49m[1m  0.0% [22m[2m(0/1)[22m[90D[2K[1A[2K[1A[2K[1A[2K[1mWeb[22m [0m[2m./[22m[0m[1mindex.js[22m [32m[42m▓▓▓▓▓▓▓▓▓▓▓▓▓▓▓[49m[39m[47m[37m░[39m[49m[1m 97.4% [22m[2m(449/455)[22m
[1mWeb[22m [0m[2m./[22m[0m[1mindex.js[22m [47m[37m░░░░░░░░░░░░░░░░[39m[49m[1m  0.0% [22m[2m(0/1)[22m
[1mWeb[22m [0m[2m./[22m[0m[1mindex.js[22m [47m[37m░░░░░░░░░░░░░░░░[39m[49m[1m  0.0% [22m[2m(0/1)[22m
[1mWeb[22m [0m[2m./[22m[0m[1mindex.js[22m [47m[37m░░░░░░░░░░░░░░░░[39m[49m[1m  0.0% [22m[2m(0/1)[22m[90D[2K[1A[2K[1A[2K[1A[2K[1mWeb[22m [0m[2m./[22m[0m[1mindex.js[22m [32m[42m▓▓▓▓▓▓▓▓▓▓▓▓▓▓▓[49m[39m[47m[37m░[39m[49m[1m 99.1% [22m[2m(453/455)[22m
[1mWeb[22m [0m[2m./[22m[0m[1mindex.js[22m [47m[37m░░░░░░░░░░░░░░░░[39m[49m[1m  0.0% [22m[2m(0/1)[22m
[1mWeb[22m [0m[2m./[22m[0m[1mindex.js[22m [47m[37m░░░░░░░░░░░░░░░░[39m[49m[1m  0.0% [22m[2m(0/1)[22m
[1mWeb[22m [0m[2m./[22m[0m[1mindex.js[22m [47m[37m░░░░░░░░░░░░░░░░[39m[49m[1m  0.0% [22m[2m(0/1)[22m[90D[2K[1A[2K[1A[2K[1A[2K[1mWeb[22m [0m[2m./[22m[0m[1mindex.js[22m [32m[42m▓▓▓▓▓▓▓▓▓▓▓▓▓▓▓[49m[39m[47m[37m░[39m[49m[1m 99.1% [22m[2m(459/462)[22m
[1mWeb[22m [0m[2m./[22m[0m[1mindex.js[22m [47m[37m░░░░░░░░░░░░░░░░[39m[49m[1m  0.0% [22m[2m(0/1)[22m
[1mWeb[22m [0m[2m./[22m[0m[1mindex.js[22m [47m[37m░░░░░░░░░░░░░░░░[39m[49m[1m  0.0% [22m[2m(0/1)[22m
[1mWeb[22m [0m[2m./[22m[0m[1mindex.js[22m [47m[37m░░░░░░░░░░░░░░░░[39m[49m[1m  0.0% [22m[2m(0/1)[22m[90D[2K[1A[2K[1A[2K[1A[2K[1mWeb[22m [0m[2m./[22m[0m[1mindex.js[22m [32m[42m▓▓▓▓▓▓▓▓▓▓▓▓▓▓▓[49m[39m[47m[37m░[39m[49m[1m 99.6% [22m[2m(462/463)[22m
[1mWeb[22m [0m[2m./[22m[0m[1mindex.js[22m [47m[37m░░░░░░░░░░░░░░░░[39m[49m[1m  0.0% [22m[2m(0/1)[22m
[1mWeb[22m [0m[2m./[22m[0m[1mindex.js[22m [47m[37m░░░░░░░░░░░░░░░░[39m[49m[1m  0.0% [22m[2m(0/1)[22m
[1mWeb[22m [0m[2m./[22m[0m[1mindex.js[22m [47m[37m░░░░░░░░░░░░░░░░[39m[49m[1m  0.0% [22m[2m(0/1)[22m[90D[2K[1A[2K[1A[2K[1A[2K[1mWeb[22m [0m[2m./[22m[0m[1mindex.js[22m [32m[42m▓▓▓▓▓▓▓▓▓▓▓▓▓▓▓▓[49m[39m[1m 100.0% [22m[2m(463/463)[22m
[1mWeb[22m [0m[2m./[22m[0m[1mindex.js[22m [47m[37m░░░░░░░░░░░░░░░░[39m[49m[1m  0.0% [22m[2m(0/1)[22m
[1mWeb[22m [0m[2m./[22m[0m[1mindex.js[22m [47m[37m░░░░░░░░░░░░░░░░[39m[49m[1m  0.0% [22m[2m(0/1)[22m
[1mWeb[22m [0m[2m./[22m[0m[1mindex.js[22m [47m[37m░░░░░░░░░░░░░░░░[39m[49m[1m  0.0% [22m[2m(0/1)[22m[90D[2K[1A[2K[1A[2K[1A[2K[1mWeb[22m [0m[2m./[22m[0m[1mindex.js[22m [32m[42m▓▓▓▓▓▓▓▓▓▓▓▓▓▓▓▓[49m[39m[1m 100.0% [22m[2m(465/465)[22m
[1mWeb[22m [0m[2m./[22m[0m[1mindex.js[22m [47m[37m░░░░░░░░░░░░░░░░[39m[49m[1m  0.0% [22m[2m(0/1)[22m
[1mWeb[22m [0m[2m./[22m[0m[1mindex.js[22m [47m[37m░░░░░░░░░░░░░░░░[39m[49m[1m  0.0% [22m[2m(0/1)[22m
[1mWeb[22m [0m[2m./[22m[0m[1mindex.js[22m [47m[37m░░░░░░░░░░░░░░░░[39m[49m[1m  0.0% [22m[2m(0/1)[22m[90D[2K[1A[2K[1A[2K[1A[2K[32m[1mWeb[22m Bundled [39m[2m6871ms[22m[0m[2m index.js (465 modules)[22m[0m
[1mWeb[22m [0m[2m./[22m[0m[1mindex.js[22m [32m[42m▓▓▓▓▓▓▓▓▓▓▓▓▓▓▓▓[49m[39m[1m 100.0% [22m[2m(465/465)[22m
[1mWeb[22m [0m[2m./[22m[0m[1mindex.js[22m [47m[37m░░░░░░░░░░░░░░░░[39m[49m[1m  0.0% [22m[2m(0/1)[22m
[1mWeb[22m [0m[2m./[22m[0m[1mindex.js[22m [47m[37m░░░░░░░░░░░░░░░░[39m[49m[1m  0.0% [22m[2m(0/1)[22m
[1mWeb[22m [0m[2m./[22m[0m[1mindex.js[22m [47m[37m░░░░░░░░░░░░░░░░[39m[49m[1m  0.0% [22m[2m(0/1)[22m[90D[2K[1A[2K[1A[2K[1A[2K[32m[1mWeb[22m Bundled [39m[2m6881ms[22m[0m[2m index.js (1 module)[22m[0m
[32m[1mWeb[22m Bundled [39m[2m6894ms[22m[0m[2m index.js (1 module)[22m[0m
[32m[1mWeb[22m Bundled [39m[2m6907ms[22m[0m[2m index.js (1 module)[22m[0m
[1mWeb[22m [0m[2m./[22m[0m[1mindex.js[22m [47m[37m░░░░░░░░░░░░░░░░[39m[49m[1m  0.0% [22m[2m(0/1)[22m[90D[2K[90D[2K[1mWeb[22m [0m[2m./[22m[0m[1mindex.js[22m [47m[37m░░░░░░░░░░░░░░░░[39m[49m[1m  0.0% [22m[2m(0/1)[22m[90D[2K[31m[1mWeb[22m Bundling failed [39m[2m12ms[22m[0m[2m index.js (1 module)[22m[0m
[31m[7m[1m ERROR [22m[27m[39m SyntaxError: /run/media/sebas/Docs/Universidad/programacion/project_web/yourPlaceSafed/screens/Services.js: Unexpected token, expected "," (19:10)

[0m [90m 17 |[39m   [36mconst[39m renderItem [33m=[39m ({ item }) [33m=>[39m (
 [90m 18 |[39m     console[33m.[39mlog(item)
[31m[1m>[22m[39m[90m 19 |[39m     [33m<[39m[33mView[39m style[33m=[39m{styles[33m.[39mcard}[33m>[39m
 [90m    |[39m           [31m[1m^[22m[39m
 [90m 20 |[39m       [33m<[39m[33mImage[39m
 [90m 21 |[39m         source[33m=[39m{{ uri[33m:[39m rutes[33m.[39mhost [33m+[39m [32m"serverSvg.php?files="[39m [33m+[39m item[33m.[39mimgs_url }}
 [90m 22 |[39m         style[33m=[39m{styles[33m.[39mimage}[0m
[90D[2K[1mWeb[22m [0m[2m./[22m[0m[1mindex.js[22m [47m[37m░░░░░░░░░░░░░░░░[39m[49m[1m  0.0% [22m[2m(0/1)[22m[90D[2K[32m[1mWeb[22m Bundled [39m[2m54ms[22m[0m[2m index.js (1 module)[22m[0m
[1mWeb[22m [0m[2m./[22m[0m[1mindex.js[22m [47m[37m░░░░░░░░░░░░░░░░[39m[49m[1m  0.0% [22m[2m(0/1)[22m[90D[2K[90D[2K[1mWeb[22m [0m[2m./[22m[0m[1mindex.js[22m [47m[37m░░░░░░░░░░░░░░░░[39m[49m[1m  0.0% [22m[2m(0/1)[22m[90D[2K[32m[1mWeb[22m Bundled [39m[2m48ms[22m[0m[2m index.js (1 module)[22m[0m
[1mWeb[22m [0m[2m./[22m[0m[1mindex.js[22m [47m[37m░░░░░░░░░░░░░░░░[39m[49m[1m  0.0% [22m[2m(0/1)[22m[90D[2K[90D[2K[1mWeb[22m [0m[2m./[22m[0m[1mindex.js[22m [47m[37m░░░░░░░░░░░░░░░░[39m[49m[1m  0.0% [22m[2m(0/1)[22m[90D[2K[32m[1mWeb[22m Bundled [39m[2m18ms[22m[0m[2m index.js (1 module)[22m[0m
[90D[2K[1mWeb[22m [0m[2m./[22m[0m[1mindex.js[22m [47m[37m░░░░░░░░░░░░░░░░[39m[49m[1m  0.0% [22m[2m(0/1)[22m[90D[2K[32m[1mWeb[22m Bundled [39m[2m20ms[22m[0m[2m index.js (1 module)[22m[0m
[90D[2K[1mWeb[22m [0m[2m./[22m[0m[1mindex.js[22m [47m[37m░░░░░░░░░░░░░░░░[39m[49m[1m  0.0% [22m[2m(0/1)[22m[90D[2K[32m[1mWeb[22m Bundled [39m[2m43ms[22m[0m[2m index.js (1 module)[22m[0m
[1mWeb[22m [0m[2m./[22m[0m[1mindex.js[22m [47m[37m░░░░░░░░░░░░░░░░[39m[49m[1m  0.0% [22m[2m(0/1)[22m[90D[2K[90D[2K[1mWeb[22m [0m[2m./[22m[0m[1mindex.js[22m [47m[37m░░░░░░░░░░░░░░░░[39m[49m[1m  0.0% [22m[2m(0/1)[22m[90D[2K[32m[1mWeb[22m Bundled [39m[2m21ms[22m[0m[2m index.js (1 module)[22m[0m
[90D[2K[1mWeb[22m [0m[2m./[22m[0m[1mindex.js[22m [47m[37m░░░░░░░░░░░░░░░░[39m[49m[1m  0.0% [22m[2m(0/1)[22m[90D[2K[32m[1mWeb[22m Bundled [39m[2m26ms[22m[0m[2m index.js (1 module)[22m[0m
[90D[2K[1mWeb[22m [0m[2m./[22m[0m[1mindex.js[22m [47m[37m░░░░░░░░░░░░░░░░[39m[49m[1m  0.0% [22m[2m(0/1)[22m[90D[2K[32m[1mWeb[22m Bundled [39m[2m20ms[22m[0m[2m index.js (1 module)[22m[0m
[90D[2K[1mWeb[22m [0m[2m./[22m[0m[1mindex.js[22m [47m[37m░░░░░░░░░░░░░░░░[39m[49m[1m  0.0% [22m[2m(0/1)[22m[90D[2K[32m[1mWeb[22m Bundled [39m[2m43ms[22m[0m[2m index.js (1 module)[22m[0m
[1mWeb[22m [0m[2m./[22m[0m[1mindex.js[22m [47m[37m░░░░░░░░░░░░░░░░[39m[49m[1m  0.0% [22m[2m(0/1)[22m[90D[2K[90D[2K[1mWeb[22m [0m[2m./[22m[0m[1mindex.js[22m [47m[37m░░░░░░░░░░░░░░░░[39m[49m[1m  0.0% [22m[2m(0/1)[22m[90D[2K[32m[1mWeb[22m Bundled [39m[2m41ms[22m[0m[2m index.js (1 module)[22m[0m
[1mWeb[22m [0m[2m./[22m[0m[1mindex.js[22m [47m[37m░░░░░░░░░░░░░░░░[39m[49m[1m  0.0% [22m[2m(0/1)[22m[90D[2K[33mUnable to resolve asset "./assets/adaptive-icon.png" from "android.adaptiveIcon.foregroundImage" in your app.json or app.config.js[39m
[33mUnable to resolve asset "./assets/adaptive-icon.png" from "android.adaptiveIcon.foregroundImage" in your app.json or app.config.js[39m
[90D[2K[1mWeb[22m [0m[2m./[22m[0m[1mindex.js[22m [47m[37m░░░░░░░░░░░░░░░░[39m[49m[1m  0.0% [22m[2m(0/1)[22m[90D[2K[32m[1mWeb[22m Bundled [39m[2m46ms[22m[0m[2m index.js (1 module)[22m[0m
[1mWeb[22m [0m[2m./[22m[0m[1mindex.js[22m [47m[37m░░░░░░░░░░░░░░░░[39m[49m[1m  0.0% [22m[2m(0/1)[22m[90D[2K[90D[2K[1mWeb[22m [0m[2m./[22m[0m[1mindex.js[22m [47m[37m░░░░░░░░░░░░░░░░[39m[49m[1m  0.0% [22m[2m(0/1)[22m[90D[2K[32m[1mWeb[22m Bundled [39m[2m24ms[22m[0m[2m index.js (1 module)[22m[0m
[90D[2K[1mWeb[22m [0m[2m./[22m[0m[1mindex.js[22m [47m[37m░░░░░░░░░░░░░░░░[39m[49m[1m  0.0% [22m[2m(0/1)[22m[90D[2K[32m[1mWeb[22m Bundled [39m[2m19ms[22m[0m[2m index.js (1 module)[22m[0m
[90D[2K[1mWeb[22m [0m[2m./[22m[0m[1mindex.js[22m [47m[37m░░░░░░░░░░░░░░░░[39m[49m[1m  0.0% [22m[2m(0/1)[22m[90D[2K[32m[1mWeb[22m Bundled [39m[2m21ms[22m[0m[2m index.js (1 module)[22m[0m
[90D[2K[1mWeb[22m [0m[2m./[22m[0m[1mindex.js[22m [47m[37m░░░░░░░░░░░░░░░░[39m[49m[1m  0.0% [22m[2m(0/1)[22m[90D[2K[32m[1mWeb[22m Bundled [39m[2m20ms[22m[0m[2m index.js (1 module)[22m[0m
[90D[2K[1mWeb[22m [0m[2m./[22m[0m[1mindex.js[22m [47m[37m░░░░░░░░░░░░░░░░[39m[49m[1m  0.0% [22m[2m(0/1)[22m[90D[2K[32m[1mWeb[22m Bundled [39m[2m21ms[22m[0m[2m index.js (1 module)[22m[0m
[90D[2K[1mWeb[22m [0m[2m./[22m[0m[1mindex.js[22m [47m[37m░░░░░░░░░░░░░░░░[39m[49m[1m  0.0% [22m[2m(0/1)[22m[90D[2K[32m[1mWeb[22m Bundled [39m[2m22ms[22m[0m[2m index.js (1 module)[22m[0m
[33mUnable to resolve asset "./assets/adaptive-icon.png" from "android.adaptiveIcon.foregroundImage" in your app.json or app.config.js[39m
[90D[2K[1mAndroid[22m [0m[2m./[22m[0m[1mindex.js[22m [47m[37m░░░░░░░░░░░░░░░░[39m[49m[1m  0.0% [22m[2m(0/1)[22m[90D[2K[1mAndroid[22m [0m[2m./[22m[0m[1mindex.js[22m [47m[37m░░░░░░░░░░░░░░░░[39m[49m[1m  0.0% [22m[2m(1/1)[22m[90D[2K[1mAndroid[22m [0m[2m./[22m[0m[1mindex.js[22m [32m[42m▓[49m[39m[47m[37m░░░░░░░░░░░░░░░[39m[49m[1m  6.3% [22m[2m(1/4)[22m[90D[2K[1mAndroid[22m [0m[2m./[22m[0m[1mindex.js[22m [32m[42m▓▓▓▓[49m[39m[47m[37m░░░░░░░░░░░░[39m[49m[1m 25.0% [22m[2m(2/4)[22m[90D[2K[1mAndroid[22m [0m[2m./[22m[0m[1mindex.js[22m [32m[42m▓▓▓▓[49m[39m[47m[37m░░░░░░░░░░░░[39m[49m[1m 25.0% [22m[2m( 6/35)[22m[90D[2K[1mAndroid[22m [0m[2m./[22m[0m[1mindex.js[22m [32m[42m▓▓▓▓[49m[39m[47m[37m░░░░░░░░░░░░[39m[49m[1m 25.0% [22m[2m(27/57)[22m[90D[2K[1mAndroid[22m [0m[2m./[22m[0m[1mindex.js[22m [32m[42m▓▓▓▓[49m[39m[47m[37m░░░░░░░░░░░░[39m[49m[1m 25.0% [22m[2m( 45/167)[22m[90D[2K[1mAndroid[22m [0m[2m./[22m[0m[1mindex.js[22m [32m[42m▓▓▓▓[49m[39m[47m[37m░░░░░░░░░░░░[39m[49m[1m 25.0% [22m[2m( 62/178)[22m[90D[2K[1mAndroid[22m [0m[2m./[22m[0m[1mindex.js[22m [32m[42m▓▓▓▓[49m[39m[47m[37m░░░░░░░░░░░░[39m[49m[1m 25.0% [22m[2m( 66/194)[22m[90D[2K[1mAndroid[22m [0m[2m./[22m[0m[1mindex.js[22m [32m[42m▓▓▓▓[49m[39m[47m[37m░░░░░░░░░░░░[39m[49m[1m 25.0% [22m[2m( 74/209)[22m[90D[2K[1mAndroid[22m [0m[2m./[22m[0m[1mindex.js[22m [32m[42m▓▓▓▓[49m[39m[47m[37m░░░░░░░░░░░░[39m[49m[1m 25.0% [22m[2m( 78/215)[22m[90D[2K[1mAndroid[22m [0m[2m./[22m[0m[1mindex.js[22m [32m[42m▓▓▓▓[49m[39m[47m[37m░░░░░░░░░░░░[39m[49m[1m 25.0% [22m[2m( 81/219)[22m[90D[2K[1mAndroid[22m [0m[2m./[22m[0m[1mindex.js[22m [32m[42m▓▓▓▓[49m[39m[47m[37m░░░░░░░░░░░░[39m[49m[1m 25.0% [22m[2m( 92/247)[22m[90D[2K[1mAndroid[22m [0m[2m./[22m[0m[1mindex.js[22m [32m[42m▓▓▓▓[49m[39m[47m[37m░░░░░░░░░░░░[39m[49m[1m 25.0% [22m[2m(111/278)[22m[90D[2K[1mAndroid[22m [0m[2m./[22m[0m[1mindex.js[22m [32m[42m▓▓▓▓[49m[39m[47m[37m░░░░░░░░░░░░[39m[49m[1m 25.0% [22m[2m(133/291)[22m[90D[2K[1mAndroid[22m [0m[2m./[22m[0m[1mindex.js[22m [32m[42m▓▓▓▓[49m[39m[47m[37m░░░░░░░░░░░░[39m[49m[1m 25.2% [22m[2m(153/305)[22m[90D[2K[1mAndroid[22m [0m[2m./[22m[0m[1mindex.js[22m [32m[42m▓▓▓▓[49m[39m[47m[37m░░░░░░░░░░░░[39m[49m[1m 25.2% [22m[2m(171/346)[22m[90D[2K[1mAndroid[22m [0m[2m./[22m[0m[1mindex.js[22m [32m[42m▓▓▓▓[49m[39m[47m[37m░░░░░░░░░░░░[39m[49m[1m 28.0% [22m[2m(193/365)[22m[90D[2K[1mAndroid[22m [0m[2m./[22m[0m[1mindex.js[22m [32m[42m▓▓▓▓▓[49m[39m[47m[37m░░░░░░░░░░░[39m[49m[1m 31.5% [22m[2m(219/390)[22m[90D[2K[1mAndroid[22m [0m[2m./[22m[0m[1mindex.js[22m [32m[42m▓▓▓▓▓[49m[39m[47m[37m░░░░░░░░░░░[39m[49m[1m 34.5% [22m[2m(235/400)[22m[90D[2K[1mAndroid[22m [0m[2m./[22m[0m[1mindex.js[22m [32m[42m▓▓▓▓▓[49m[39m[47m[37m░░░░░░░░░░░[39m[49m[1m 36.4% [22m[2m(260/431)[22m[90D[2K[1mAndroid[22m [0m[2m./[22m[0m[1mindex.js[22m [32m[42m▓▓▓▓▓▓[49m[39m[47m[37m░░░░░░░░░░[39m[49m[1m 38.1% [22m[2m(284/460)[22m[90D[2K[1mAndroid[22m [0m[2m./[22m[0m[1mindex.js[22m [32m[42m▓▓▓▓▓▓[49m[39m[47m[37m░░░░░░░░░░[39m[49m[1m 39.8% [22m[2m(299/474)[22m[90D[2K[1mAndroid[22m [0m[2m./[22m[0m[1mindex.js[22m [32m[42m▓▓▓▓▓▓[49m[39m[47m[37m░░░░░░░░░░[39m[49m[1m 40.0% [22m[2m(306/484)[22m[90D[2K[1mAndroid[22m [0m[2m./[22m[0m[1mindex.js[22m [32m[42m▓▓▓▓▓▓[49m[39m[47m[37m░░░░░░░░░░[39m[49m[1m 40.0% [22m[2m(319/514)[22m[90D[2K[1mAndroid[22m [0m[2m./[22m[0m[1mindex.js[22m [32m[42m▓▓▓▓▓▓[49m[39m[47m[37m░░░░░░░░░░[39m[49m[1m 41.1% [22m[2m(332/518)[22m[90D[2K[1mAndroid[22m [0m[2m./[22m[0m[1mindex.js[22m [32m[42m▓▓▓▓▓▓[49m[39m[47m[37m░░░░░░░░░░[39m[49m[1m 42.8% [22m[2m(352/538)[22m[90D[2K[1mAndroid[22m [0m[2m./[22m[0m[1mindex.js[22m [32m[42m▓▓▓▓▓▓[49m[39m[47m[37m░░░░░░░░░░[39m[49m[1m 42.8% [22m[2m(365/571)[22m[90D[2K[1mAndroid[22m [0m[2m./[22m[0m[1mindex.js[22m [32m[42m▓▓▓▓▓▓[49m[39m[47m[37m░░░░░░░░░░[39m[49m[1m 42.8% [22m[2m(378/598)[22m[90D[2K[1mAndroid[22m [0m[2m./[22m[0m[1mindex.js[22m [32m[42m▓▓▓▓▓▓[49m[39m[47m[37m░░░░░░░░░░[39m[49m[1m 42.8% [22m[2m(392/602)[22m[90D[2K[1mAndroid[22m [0m[2m./[22m[0m[1mindex.js[22m [32m[42m▓▓▓▓▓▓▓[49m[39m[47m[37m░░░░░░░░░[39m[49m[1m 44.7% [22m[2m(404/604)[22m[90D[2K[1mAndroid[22m [0m[2m./[22m[0m[1mindex.js[22m [32m[42m▓▓▓▓▓▓▓[49m[39m[47m[37m░░░░░░░░░[39m[49m[1m 48.3% [22m[2m(424/610)[22m[90D[2K[1mAndroid[22m [0m[2m./[22m[0m[1mindex.js[22m [32m[42m▓▓▓▓▓▓▓▓[49m[39m[47m[37m░░░░░░░░[39m[49m[1m 52.4% [22m[2m(449/620)[22m[90D[2K[1mAndroid[22m [0m[2m./[22m[0m[1mindex.js[22m [32m[42m▓▓▓▓▓▓▓▓[49m[39m[47m[37m░░░░░░░░[39m[49m[1m 55.4% [22m[2m(474/637)[22m[90D[2K[1mAndroid[22m [0m[2m./[22m[0m[1mindex.js[22m [32m[42m▓▓▓▓▓▓▓▓[49m[39m[47m[37m░░░░░░░░[39m[49m[1m 55.6% [22m[2m(475/637)[22m[90D[2K[1mAndroid[22m [0m[2m./[22m[0m[1mindex.js[22m [32m[42m▓▓▓▓▓▓▓▓▓[49m[39m[47m[37m░░░░░░░[39m[49m[1m 56.4% [22m[2m(494/658)[22m[90D[2K[1mAndroid[22m [0m[2m./[22m[0m[1mindex.js[22m [32m[42m▓▓▓▓▓▓▓▓▓[49m[39m[47m[37m░░░░░░░[39m[49m[1m 56.4% [22m[2m(519/751)[22m[90D[2K[1mAndroid[22m [0m[2m./[22m[0m[1mindex.js[22m [32m[42m▓▓▓▓▓▓▓▓▓[49m[39m[47m[37m░░░░░░░[39m[49m[1m 56.4% [22m[2m(554/765)[22m[90D[2K[1mAndroid[22m [0m[2m./[22m[0m[1mindex.js[22m [32m[42m▓▓▓▓▓▓▓▓▓[49m[39m[47m[37m░░░░░░░[39m[49m[1m 56.4% [22m[2m(583/781)[22m[90D[2K[1mAndroid[22m [0m[2m./[22m[0m[1mindex.js[22m [32m[42m▓▓▓▓▓▓▓▓▓[49m[39m[47m[37m░░░░░░░[39m[49m[1m 57.6% [22m[2m(599/789)[22m[90D[2K[1mAndroid[22m [0m[2m./[22m[0m[1mindex.js[22m [32m[42m▓▓▓▓▓▓▓▓▓[49m[39m[47m[37m░░░░░░░[39m[49m[1m 61.0% [22m[2m(620/794)[22m[90D[2K[1mAndroid[22m [0m[2m./[22m[0m[1mindex.js[22m [32m[42m▓▓▓▓▓▓▓▓▓▓[49m[39m[47m[37m░░░░░░[39m[49m[1m 63.6% [22m[2m(638/800)[22m[90D[2K[1mAndroid[22m [0m[2m./[22m[0m[1mindex.js[22m [32m[42m▓▓▓▓▓▓▓▓▓▓[49m[39m[47m[37m░░░░░░[39m[49m[1m 63.8% [22m[2m(639/800)[22m[90D[2K[1mAndroid[22m [0m[2m./[22m[0m[1mindex.js[22m [32m[42m▓▓▓▓▓▓▓▓▓▓[49m[39m[47m[37m░░░░░░[39m[49m[1m 64.0% [22m[2m(640/800)[22m[90D[2K[1mAndroid[22m [0m[2m./[22m[0m[1mindex.js[22m [32m[42m▓▓▓▓▓▓▓▓▓▓[49m[39m[47m[37m░░░░░░[39m[49m[1m 65.6% [22m[2m(651/804)[22m[90D[2K[1mAndroid[22m [0m[2m./[22m[0m[1mindex.js[22m [32m[42m▓▓▓▓▓▓▓▓▓▓▓[49m[39m[47m[37m░░░░░[39m[49m[1m 69.9% [22m[2m(674/806)[22m[90D[2K[1mAndroid[22m [0m[2m./[22m[0m[1mindex.js[22m [32m[42m▓▓▓▓▓▓▓▓▓▓▓[49m[39m[47m[37m░░░░░[39m[49m[1m 72.9% [22m[2m(688/806)[22m[90D[2K[1mAndroid[22m [0m[2m./[22m[0m[1mindex.js[22m [32m[42m▓▓▓▓▓▓▓▓▓▓▓▓[49m[39m[47m[37m░░░░[39m[49m[1m 76.1% [22m[2m(704/807)[22m[90D[2K[1mAndroid[22m [0m[2m./[22m[0m[1mindex.js[22m [32m[42m▓▓▓▓▓▓▓▓▓▓▓▓[49m[39m[47m[37m░░░░[39m[49m[1m 77.8% [22m[2m(719/815)[22m[90D[2K[1mAndroid[22m [0m[2m./[22m[0m[1mindex.js[22m [32m[42m▓▓▓▓▓▓▓▓▓▓▓▓[49m[39m[47m[37m░░░░[39m[49m[1m 81.0% [22m[2m(739/821)[22m[90D[2K[1mAndroid[22m [0m[2m./[22m[0m[1mindex.js[22m [32m[42m▓▓▓▓▓▓▓▓▓▓▓▓▓[49m[39m[47m[37m░░░[39m[49m[1m 85.8% [22m[2m(766/827)[22m[90D[2K[1mAndroid[22m [0m[2m./[22m[0m[1mindex.js[22m [32m[42m▓▓▓▓▓▓▓▓▓▓▓▓▓[49m[39m[47m[37m░░░[39m[49m[1m 86.2% [22m[2m(780/840)[22m[90D[2K[1mAndroid[22m [0m[2m./[22m[0m[1mindex.js[22m [32m[42m▓▓▓▓▓▓▓▓▓▓▓▓▓▓[49m[39m[47m[37m░░[39m[49m[1m 88.1% [22m[2m(794/846)[22m[90D[2K[1mAndroid[22m [0m[2m./[22m[0m[1mindex.js[22m [32m[42m▓▓▓▓▓▓▓▓▓▓▓▓▓▓[49m[39m[47m[37m░░[39m[49m[1m 88.7% [22m[2m(811/861)[22m[90D[2K[1mAndroid[22m [0m[2m./[22m[0m[1mindex.js[22m [32m[42m▓▓▓▓▓▓▓▓▓▓▓▓▓▓[49m[39m[47m[37m░░[39m[49m[1m 93.2% [22m[2m(842/872)[22m[90D[2K[1mAndroid[22m [0m[2m./[22m[0m[1mindex.js[22m [32m[42m▓▓▓▓▓▓▓▓▓▓▓▓▓▓▓[49m[39m[47m[37m░[39m[49m[1m 94.7% [22m[2m(862/886)[22m[90D[2K[1mAndroid[22m [0m[2m./[22m[0m[1mindex.js[22m [32m[4