
> yourplacesafed@1.0.0 web /run/media/sebas/Docs/Universidad/programacion/project_web/yourPlaceSafed
> expo start --web

Starting project at /run/media/sebas/Docs/Universidad/programacion/project_web/yourPlaceSafed
Starting Metro Bundler
The following packages should be updated for best compatibility with the installed expo version:
  expo@52.0.44 - expected version: ~52.0.46
  react-native-gesture-handler@2.25.0 - expected version: ~2.20.2
  react-native-reanimated@3.17.3 - expected version: ~3.16.1
  react-native-safe-area-context@5.3.0 - expected version: 4.12.0
  react-native-screens@4.10.0 - expected version: ~4.4.0
Your project may not work correctly until you install the expected versions of the packages.
Waiting on http://localhost:8081
Logs for your project will appear below.
Web Bundled 19033ms index.js (436 modules)
Web Bundled 53ms index.js (1 module)
Android Bundled 30023ms index.js (875 modules)
 (NOBRIDGE) LOG  Bridgeless mode is enabled
 INFO  
[7m [1m💡 JavaScript logs will be removed from Metro in React Native 0.77![22m Please use React Native DevTools as your default tool. Tip: Type [1mj[22m in the terminal to open (requires Google Chrome or Microsoft Edge).[27m
 (NOBRIDGE) LOG  → Realizando fetch...
 (NOBRIDGE) LOG  → Realizando fetch...
 (NOBRIDGE) ERROR  Error en fetch: [TypeError: Network request failed]
 (NOBRIDGE) ERROR  Error en fetch: [TypeError: Network request failed]
