Script started on 2025-04-22 09:24:42-05:00 [COMMAND="pnpm run web" TERM="xterm-256color" TTY="/dev/pts/1" COLUMNS="90" LINES="30"]

> yourplacesafed@1.0.0 web /run/media/sebas/Docs/Universidad/programacion/project_web/yourPlaceSafed
> expo start --web




[90mStarting project at /run/media/sebas/Docs/Universidad/programacion/project_web/yourPlaceSafed[39m
[90D[2K[2mStarting Metro Bundler[22m
[33mThe following packages should be updated for best compatibility with the installed [1mexpo[22m version:[39m
[33m  [1mreact-native-gesture-handler[22m[36m@[39m[33m[31m2.25.0[39m[33m - expected version: [32m~2.20.2[39m[33m[39m
[33m  [1mreact-native-reanimated[22m[36m@[39m[33m[31m3.17.4[39m[33m - expected version: [32m~3.16.1[39m[33m[39m
[33m  [1mreact-native-safe-area-context[22m[36m@[39m[33m[31m5.4.0[39m[33m - expected version: [32m4.12.0[39m[33m[39m
[33m  [1mreact-native-screens[22m[36m@[39m[33m[31m4.10.0[39m[33m - expected version: [32m~4.4.0[39m[33m[39m
[33m  [1mreact-native-svg[22m[36m@[39m[33m[31m15.11.2[39m[33m - expected version: [32m15.8.0[39m[33m[39m
[33mYour project may not work correctly until you install the expected versions of the packages.[39m
[90D[2K▄▄▄▄▄▄▄▄▄▄▄▄▄▄▄▄▄▄▄▄▄▄▄▄▄▄▄
█ ▄▄▄▄▄ █▀▄█▀ ▀▀ ▄█ ▄▄▄▄▄ █
█ █   █ █▄   ▄█▄ ▀█ █   █ █
█ █▄▄▄█ █ ▀█▀██▀ ██ █▄▄▄█ █
█▄▄▄▄▄▄▄█ ▀▄█ █▄█▄█▄▄▄▄▄▄▄█
█▄▄▀▄██▄ ██ ▀█▄▀▄▄▀  ▄▀▄▄▀█
█▄  ▀  ▄█▀▄▄██  ▀▄▄▀ ▀▀█▄▄█
█▄▄ █▀▀▄ ▄▀▀▀ ▄ █▀█ ▄█ ██▀█
█▄▀█▀█ ▄ ▀▄▀█ ▀██ ▄▄ ▀▀██▄█
█▄▄▄██▄▄▄▀▀▄▄██▄  ▄▄▄ █ ▄ █
█ ▄▄▄▄▄ █▄▀▀▀██▄  █▄█  ▀▄ █
█ █   █ █▀     ▀▀▄ ▄▄ █▀█▄█
█ █▄▄▄█ █▀▄█   ▄█  █▄  ▄█▄█
█▄▄▄▄▄▄▄█▄██▄▄█▄█▄███▄▄█▄▄█

[90D[2K› Metro waiting on [4mexp://192.168.1.77:8081[24m
[90D[2K› Scan the QR code above with Expo Go (Android) or the Camera app (iOS)
[90D[2K
[90D[2K› Web is waiting on [4mhttp://localhost:8081[24m
[90D[2K
[90D[2K› Using [36mExpo Go[39m
[90D[2K› Press [1ms[22m [2m│[22m switch to development build

› Press [1ma[22m [2m│[22m open Android
› Press [1mw[22m [2m│[22m open web

› Press [1mj[22m [2m│[22m open debugger
› Press [1mr[22m [2m│[22m reload app
› Press [1mm[22m [2m│[22m toggle menu
› [1mshift+m[22m [2m│[22m more tools
› Press [1mo[22m [2m│[22m open project code in your editor

[90D[2K› Press [1m?[22m [2m│[22m show all commands
[90D[2K
[90D[2KLogs for your project will appear below.[2m Press Ctrl+C to exit.[22m
[90D[2K[1mWeb[22m [0m[2m./[22m[0m[1mindex.js[22m [47m[37m░░░░░░░░░░░░░░░░[39m[49m[1m  0.0% [22m[2m(0/1)[22m
[1mWeb[22m [0m[2m./[22m[0m[1mindex.js[22m [47m[37m░░░░░░░░░░░░░░░░[39m[49m[1m  0.0% [22m[2m(0/1)[22m
[1mWeb[22m [0m[2m./[22m[0m[1mindex.js[22m [47m[37m░░░░░░░░░░░░░░░░[39m[49m[1m  0.0% [22m[2m(0/1)[22m
[1mWeb[22m [0m[2m./[22m[0m[1mindex.js[22m [47m[37m░░░░░░░░░░░░░░░░[39m[49m[1m  0.0% [22m[2m(0/1)[22m[90D[2K[1A[2K[1A[2K[1A[2K[1mWeb[22m [0m[2m./[22m[0m[1mindex.js[22m [47m[37m░░░░░░░░░░░░░░░░[39m[49m[1m  0.0% [22m[2m(1/1)[22m
[1mWeb[22m [0m[2m./[22m[0m[1mindex.js[22m [47m[37m░░░░░░░░░░░░░░░░[39m[49m[1m  0.0% [22m[2m(0/1)[22m
[1mWeb[22m [0m[2m./[22m[0m[1mindex.js[22m [47m[37m░░░░░░░░░░░░░░░░[39m[49m[1m  0.0% [22m[2m(0/1)[22m
[1mWeb[22m [0m[2m./[22m[0m[1mindex.js[22m [47m[37m░░░░░░░░░░░░░░░░[39m[49m[1m  0.0% [22m[2m(0/1)[22m[90D[2K[1A[2K[1A[2K[1A[2K[1mWeb[22m [0m[2m./[22m[0m[1mindex.js[22m [32m[42m▓[49m[39m[47m[37m░░░░░░░░░░░░░░░[39m[49m[1m  6.3% [22m[2m(1/4)[22m
[1mWeb[22m [0m[2m./[22m[0m[1mindex.js[22m [47m[37m░░░░░░░░░░░░░░░░[39m[49m[1m  0.0% [22m[2m(0/1)[22m
[1mWeb[22m [0m[2m./[22m[0m[1mindex.js[22m [47m[37m░░░░░░░░░░░░░░░░[39m[49m[1m  0.0% [22m[2m(0/1)[22m
[1mWeb[22m [0m[2m./[22m[0m[1mindex.js[22m [47m[37m░░░░░░░░░░░░░░░░[39m[49m[1m  0.0% [22m[2m(0/1)[22m[90D[2K[1A[2K[1A[2K[1A[2K[1mWeb[22m [0m[2m./[22m[0m[1mindex.js[22m [32m[42m▓▓▓▓[49m[39m[47m[37m░░░░░░░░░░░░[39m[49m[1m 25.0% [22m[2m(2/4)[22m
[1mWeb[22m [0m[2m./[22m[0m[1mindex.js[22m [47m[37m░░░░░░░░░░░░░░░░[39m[49m[1m  0.0% [22m[2m(0/1)[22m
[1mWeb[22m [0m[2m./[22m[0m[1mindex.js[22m [47m[37m░░░░░░░░░░░░░░░░[39m[49m[1m  0.0% [22m[2m(0/1)[22m
[1mWeb[22m [0m[2m./[22m[0m[1mindex.js[22m [47m[37m░░░░░░░░░░░░░░░░[39m[49m[1m  0.0% [22m[2m(0/1)[22m[90D[2K[1A[2K[1A[2K[1A[2K[1mWeb[22m [0m[2m./[22m[0m[1mindex.js[22m [32m[42m▓▓▓▓[49m[39m[47m[37m░░░░░░░░░░░░[39m[49m[1m 25.0% [22m[2m( 5/12)[22m
[1mWeb[22m [0m[2m./[22m[0m[1mindex.js[22m [47m[37m░░░░░░░░░░░░░░░░[39m[49m[1m  0.0% [22m[2m(0/1)[22m
[1mWeb[22m [0m[2m./[22m[0m[1mindex.js[22m [47m[37m░░░░░░░░░░░░░░░░[39m[49m[1m  0.0% [22m[2m(0/1)[22m
[1mWeb[22m [0m[2m./[22m[0m[1mindex.js[22m [47m[37m░░░░░░░░░░░░░░░░[39m[49m[1m  0.0% [22m[2m(0/1)[22m[90D[2K[1A[2K[1A[2K[1A[2K[1mWeb[22m [0m[2m./[22m[0m[1mindex.js[22m [32m[42m▓▓▓▓[49m[39m[47m[37m░░░░░░░░░░░░[39m[49m[1m 25.0% [22m[2m( 8/49)[22m
[1mWeb[22m [0m[2m./[22m[0m[1mindex.js[22m [47m[37m░░░░░░░░░░░░░░░░[39m[49m[1m  0.0% [22m[2m(0/1)[22m
[1mWeb[22m [0m[2m./[22m[0m[1mindex.js[22m [47m[37m░░░░░░░░░░░░░░░░[39m[49m[1m  0.0% [22m[2m(0/1)[22m
[1mWeb[22m [0m[2m./[22m[0m[1mindex.js[22m [47m[37m░░░░░░░░░░░░░░░░[39m[49m[1m  0.0% [22m[2m(0/1)[22m[90D[2K[1A[2K[1A[2K[1A[2K[1mWeb[22m [0m[2m./[22m[0m[1mindex.js[22m [32m[42m▓▓▓▓[49m[39m[47m[37m░░░░░░░░░░░░[39m[49m[1m 25.0% [22m[2m(14/96)[22m
[1mWeb[22m [0m[2m./[22m[0m[1mindex.js[22m [47m[37m░░░░░░░░░░░░░░░░[39m[49m[1m  0.0% [22m[2m(0/1)[22m
[1mWeb[22m [0m[2m./[22m[0m[1mindex.js[22m [47m[37m░░░░░░░░░░░░░░░░[39m[49m[1m  0.0% [22m[2m(0/1)[22m
[1mWeb[22m [0m[2m./[22m[0m[1mindex.js[22m [47m[37m░░░░░░░░░░░░░░░░[39m[49m[1m  0.0% [22m[2m(0/1)[22m[90D[2K[1A[2K[1A[2K[1A[2K[1mWeb[22m [0m[2m./[22m[0m[1mindex.js[22m [32m[42m▓▓▓▓[49m[39m[47m[37m░░░░░░░░░░░░[39m[49m[1m 25.0% [22m[2m( 34/112)[22m
[1mWeb[22m [0m[2m./[22m[0m[1mindex.js[22m [47m[37m░░░░░░░░░░░░░░░░[39m[49m[1m  0.0% [22m[2m(0/1)[22m
[1mWeb[22m [0m[2m./[22m[0m[1mindex.js[22m [47m[37m░░░░░░░░░░░░░░░░[39m[49m[1m  0.0% [22m[2m(0/1)[22m
[1mWeb[22m [0m[2m./[22m[0m[1mindex.js[22m [47m[37m░░░░░░░░░░░░░░░░[39m[49m[1m  0.0% [22m[2m(0/1)[22m[90D[2K[1A[2K[1A[2K[1A[2K[1mWeb[22m [0m[2m./[22m[0m[1mindex.js[22m [32m[42m▓▓▓▓[49m[39m[47m[37m░░░░░░░░░░░░[39m[49m[1m 25.0% [22m[2m( 49/118)[22m
[1mWeb[22m [0m[2m./[22m[0m[1mindex.js[22m [47m[37m░░░░░░░░░░░░░░░░[39m[49m[1m  0.0% [22m[2m(0/1)[22m
[1mWeb[22m [0m[2m./[22m[0m[1mindex.js[22m [47m[37m░░░░░░░░░░░░░░░░[39m[49m[1m  0.0% [22m[2m(0/1)[22m
[1mWeb[22m [0m[2m./[22m[0m[1mindex.js[22m [47m[37m░░░░░░░░░░░░░░░░[39m[49m[1m  0.0% [22m[2m(0/1)[22m[90D[2K[1A[2K[1A[2K[1A[2K[1mWeb[22m [0m[2m./[22m[0m[1mindex.js[22m [32m[42m▓▓▓▓[49m[39m[47m[37m░░░░░░░░░░░░[39m[49m[1m 25.0% [22m[2m( 56/122)[22m
[1mWeb[22m [0m[2m./[22m[0m[1mindex.js[22m [47m[37m░░░░░░░░░░░░░░░░[39m[49m[1m  0.0% [22m[2m(0/1)[22m
[1mWeb[22m [0m[2m./[22m[0m[1mindex.js[22m [47m[37m░░░░░░░░░░░░░░░░[39m[49m[1m  0.0% [22m[2m(0/1)[22m
[1mWeb[22m [0m[2m./[22m[0m[1mindex.js[22m [47m[37m░░░░░░░░░░░░░░░░[39m[49m[1m  0.0% [22m[2m(0/1)[22m[90D[2K[1A[2K[1A[2K[1A[2K[1mWeb[22m [0m[2m./[22m[0m[1mindex.js[22m [32m[42m▓▓▓▓[49m[39m[47m[37m░░░░░░░░░░░░[39m[49m[1m 27.4% [22m[2m( 68/130)[22m
[1mWeb[22m [0m[2m./[22m[0m[1mindex.js[22m [47m[37m░░░░░░░░░░░░░░░░[39m[49m[1m  0.0% [22m[2m(0/1)[22m
[1mWeb[22m [0m[2m./[22m[0m[1mindex.js[22m [47m[37m░░░░░░░░░░░░░░░░[39m[49m[1m  0.0% [22m[2m(0/1)[22m
[1mWeb[22m [0m[2m./[22m[0m[1mindex.js[22m [47m[37m░░░░░░░░░░░░░░░░[39m[49m[1m  0.0% [22m[2m(0/1)[22m[90D[2K[1A[2K[1A[2K[1A[2K[1mWeb[22m [0m[2m./[22m[0m[1mindex.js[22m [32m[42m▓▓▓▓▓[49m[39m[47m[37m░░░░░░░░░░░[39m[49m[1m 31.7% [22m[2m( 76/135)[22m
[1mWeb[22m [0m[2m./[22m[0m[1mindex.js[22m [47m[37m░░░░░░░░░░░░░░░░[39m[49m[1m  0.0% [22m[2m(0/1)[22m
[1mWeb[22m [0m[2m./[22m[0m[1mindex.js[22m [47m[37m░░░░░░░░░░░░░░░░[39m[49m[1m  0.0% [22m[2m(0/1)[22m
[1mWeb[22m [0m[2m./[22m[0m[1mindex.js[22m [47m[37m░░░░░░░░░░░░░░░░[39m[49m[1m  0.0% [22m[2m(0/1)[22m[90D[2K[1A[2K[1A[2K[1A[2K[1mWeb[22m [0m[2m./[22m[0m[1mindex.js[22m [32m[42m▓▓▓▓▓[49m[39m[47m[37m░░░░░░░░░░░[39m[49m[1m 31.7% [22m[2m( 94/182)[22m
[1mWeb[22m [0m[2m./[22m[0m[1mindex.js[22m [47m[37m░░░░░░░░░░░░░░░░[39m[49m[1m  0.0% [22m[2m(0/1)[22m
[1mWeb[22m [0m[2m./[22m[0m[1mindex.js[22m [47m[37m░░░░░░░░░░░░░░░░[39m[49m[1m  0.0% [22m[2m(0/1)[22m
[1mWeb[22m [0m[2m./[22m[0m[1mindex.js[22m [47m[37m░░░░░░░░░░░░░░░░[39m[49m[1m  0.0% [22m[2m(0/1)[22m[90D[2K[1A[2K[1A[2K[1A[2K[1mWeb[22m [0m[2m./[22m[0m[1mindex.js[22m [32m[42m▓▓▓▓▓[49m[39m[47m[37m░░░░░░░░░░░[39m[49m[1m 31.7% [22m[2m(107/191)[22m
[1mWeb[22m [0m[2m./[22m[0m[1mindex.js[22m [47m[37m░░░░░░░░░░░░░░░░[39m[49m[1m  0.0% [22m[2m(0/1)[22m
[1mWeb[22m [0m[2m./[22m[0m[1mindex.js[22m [47m[37m░░░░░░░░░░░░░░░░[39m[49m[1m  0.0% [22m[2m(0/1)[22m
[1mWeb[22m [0m[2m./[22m[0m[1mindex.js[22m [47m[37m░░░░░░░░░░░░░░░░[39m[49m[1m  0.0% [22m[2m(0/1)[22m[90D[2K[1A[2K[1A[2K[1A[2K[1mWeb[22m [0m[2m./[22m[0m[1mindex.js[22m [32m[42m▓▓▓▓▓[49m[39m[47m[37m░░░░░░░░░░░[39m[49m[1m 35.8% [22m[2m(116/194)[22m
[1mWeb[22m [0m[2m./[22m[0m[1mindex.js[22m [47m[37m░░░░░░░░░░░░░░░░[39m[49m[1m  0.0% [22m[2m(0/1)[22m
[1mWeb[22m [0m[2m./[22m[0m[1mindex.js[22m [47m[37m░░░░░░░░░░░░░░░░[39m[49m[1m  0.0% [22m[2m(0/1)[22m
[1mWeb[22m [0m[2m./[22m[0m[1mindex.js[22m [47m[37m░░░░░░░░░░░░░░░░[39m[49m[1m  0.0% [22m[2m(0/1)[22m[90D[2K[1A[2K[1A[2K[1A[2K[1mWeb[22m [0m[2m./[22m[0m[1mindex.js[22m [32m[42m▓▓▓▓▓[49m[39m[47m[37m░░░░░░░░░░░[39m[49m[1m 36.2% [22m[2m(121/201)[22m
[1mWeb[22m [0m[2m./[22m[0m[1mindex.js[22m [47m[37m░░░░░░░░░░░░░░░░[39m[49m[1m  0.0% [22m[2m(0/1)[22m
[1mWeb[22m [0m[2m./[22m[0m[1mindex.js[22m [47m[37m░░░░░░░░░░░░░░░░[39m[49m[1m  0.0% [22m[2m(0/1)[22m
[1mWeb[22m [0m[2m./[22m[0m[1mindex.js[22m [47m[37m░░░░░░░░░░░░░░░░[39m[49m[1m  0.0% [22m[2m(0/1)[22m[90D[2K[1A[2K[1A[2K[1A[2K[1mWeb[22m [0m[2m./[22m[0m[1mindex.js[22m [32m[42m▓▓▓▓▓[49m[39m[47m[37m░░░░░░░░░░░[39m[49m[1m 36.2% [22m[2m(129/230)[22m
[1mWeb[22m [0m[2m./[22m[0m[1mindex.js[22m [47m[37m░░░░░░░░░░░░░░░░[39m[49m[1m  0.0% [22m[2m(0/1)[22m
[1mWeb[22m [0m[2m./[22m[0m[1mindex.js[22m [47m[37m░░░░░░░░░░░░░░░░[39m[49m[1m  0.0% [22m[2m(0/1)[22m
[1mWeb[22m [0m[2m./[22m[0m[1mindex.js[22m [47m[37m░░░░░░░░░░░░░░░░[39m[49m[1m  0.0% [22m[2m(0/1)[22m[90D[2K[1A[2K[1A[2K[1A[2K[1mWeb[22m [0m[2m./[22m[0m[1mindex.js[22m [32m[42m▓▓▓▓▓[49m[39m[47m[37m░░░░░░░░░░░[39m[49m[1m 36.2% [22m[2m(135/234)[22m
[1mWeb[22m [0m[2m./[22m[0m[1mindex.js[22m [47m[37m░░░░░░░░░░░░░░░░[39m[49m[1m  0.0% [22m[2m(0/1)[22m
[1mWeb[22m [0m[2m./[22m[0m[1mindex.js[22m [47m[37m░░░░░░░░░░░░░░░░[39m[49m[1m  0.0% [22m[2m(0/1)[22m
[1mWeb[22m [0m[2m./[22m[0m[1mindex.js[22m [47m[37m░░░░░░░░░░░░░░░░[39m[49m[1m  0.0% [22m[2m(0/1)[22m[90D[2K[1A[2K[1A[2K[1A[2K[1mWeb[22m [0m[2m./[22m[0m[1mindex.js[22m [32m[42m▓▓▓▓▓[49m[39m[47m[37m░░░░░░░░░░░[39m[49m[1m 36.2% [22m[2m(140/249)[22m
[1mWeb[22m [0m[2m./[22m[0m[1mindex.js[22m [47m[37m░░░░░░░░░░░░░░░░[39m[49m[1m  0.0% [22m[2m(0/1)[22m
[1mWeb[22m [0m[2m./[22m[0m[1mindex.js[22m [47m[37m░░░░░░░░░░░░░░░░[39m[49m[1m  0.0% [22m[2m(0/1)[22m
[1mWeb[22m [0m[2m./[22m[0m[1mindex.js[22m [47m[37m░░░░░░░░░░░░░░░░[39m[49m[1m  0.0% [22m[2m(0/1)[22m[90D[2K[1A[2K[1A[2K[1A[2K[1mWeb[22m [0m[2m./[22m[0m[1mindex.js[22m [32m[42m▓▓▓▓▓[49m[39m[47m[37m░░░░░░░░░░░[39m[49m[1m 36.2% [22m[2m(145/252)[22m
[1mWeb[22m [0m[2m./[22m[0m[1mindex.js[22m [47m[37m░░░░░░░░░░░░░░░░[39m[49m[1m  0.0% [22m[2m(0/1)[22m
[1mWeb[22m [0m[2m./[22m[0m[1mindex.js[22m [47m[37m░░░░░░░░░░░░░░░░[39m[49m[1m  0.0% [22m[2m(0/1)[22m
[1mWeb[22m [0m[2m./[22m[0m[1mindex.js[22m [47m[37m░░░░░░░░░░░░░░░░[39m[49m[1m  0.0% [22m[2m(0/1)[22m[90D[2K[1A[2K[1A[2K[1A[2K[1mWeb[22m [0m[2m./[22m[0m[1mindex.js[22m [32m[42m▓▓▓▓▓[49m[39m[47m[37m░░░░░░░░░░░[39m[49m[1m 36.2% [22m[2m(151/254)[22m
[1mWeb[22m [0m[2m./[22m[0m[1mindex.js[22m [47m[37m░░░░░░░░░░░░░░░░[39m[49m[1m  0.0% [22m[2m(0/1)[22m
[1mWeb[22m [0m[2m./[22m[0m[1mindex.js[22m [47m[37m░░░░░░░░░░░░░░░░[39m[49m[1m  0.0% [22m[2m(0/1)[22m
[1mWeb[22m [0m[2m./[22m[0m[1mindex.js[22m [47m[37m░░░░░░░░░░░░░░░░[39m[49m[1m  0.0% [22m[2m(0/1)[22m[90D[2K[1A[2K[1A[2K[1A[2K[1mWeb[22m [0m[2m./[22m[0m[1mindex.js[22m [32m[42m▓▓▓▓▓▓[49m[39m[47m[37m░░░░░░░░░░[39m[49m[1m 39.2% [22m[2m(161/257)[22m
[1mWeb[22m [0m[2m./[22m[0m[1mindex.js[22m [47m[37m░░░░░░░░░░░░░░░░[39m[49m[1m  0.0% [22m[2m(0/1)[22m
[1mWeb[22m [0m[2m./[22m[0m[1mindex.js[22m [47m[37m░░░░░░░░░░░░░░░░[39m[49m[1m  0.0% [22m[2m(0/1)[22m
[1mWeb[22m [0m[2m./[22m[0m[1mindex.js[22m [47m[37m░░░░░░░░░░░░░░░░[39m[49m[1m  0.0% [22m[2m(0/1)[22m[90D[2K[1A[2K[1A[2K[1A[2K[1mWeb[22m [0m[2m./[22m[0m[1mindex.js[22m [32m[42m▓▓▓▓▓▓[49m[39m[47m[37m░░░░░░░░░░[39m[49m[1m 39.2% [22m[2m(184/303)[22m
[1mWeb[22m [0m[2m./[22m[0m[1mindex.js[22m [47m[37m░░░░░░░░░░░░░░░░[39m[49m[1m  0.0% [22m[2m(0/1)[22m
[1mWeb[22m [0m[2m./[22m[0m[1mindex.js[22m [47m[37m░░░░░░░░░░░░░░░░[39m[49m[1m  0.0% [22m[2m(0/1)[22m
[1mWeb[22m [0m[2m./[22m[0m[1mindex.js[22m [47m[37m░░░░░░░░░░░░░░░░[39m[49m[1m  0.0% [22m[2m(0/1)[22m[90D[2K[1A[2K[1A[2K[1A[2K[1mWeb[22m [0m[2m./[22m[0m[1mindex.js[22m [32m[42m▓▓▓▓▓▓[49m[39m[47m[37m░░░░░░░░░░[39m[49m[1m 43.6% [22m[2m(204/309)[22m
[1mWeb[22m [0m[2m./[22m[0m[1mindex.js[22m [47m[37m░░░░░░░░░░░░░░░░[39m[49m[1m  0.0% [22m[2m(0/1)[22m
[1mWeb[22m [0m[2m./[22m[0m[1mindex.js[22m [47m[37m░░░░░░░░░░░░░░░░[39m[49m[1m  0.0% [22m[2m(0/1)[22m
[1mWeb[22m [0m[2m./[22m[0m[1mindex.js[22m [47m[37m░░░░░░░░░░░░░░░░[39m[49m[1m  0.0% [22m[2m(0/1)[22m[90D[2K[1A[2K[1A[2K[1A[2K[1mWeb[22m [0m[2m./[22m[0m[1mindex.js[22m [32m[42m▓▓▓▓▓▓▓[49m[39m[47m[37m░░░░░░░░░[39m[49m[1m 47.3% [22m[2m(216/314)[22m
[1mWeb[22m [0m[2m./[22m[0m[1mindex.js[22m [47m[37m░░░░░░░░░░░░░░░░[39m[49m[1m  0.0% [22m[2m(0/1)[22m
[1mWeb[22m [0m[2m./[22m[0m[1mindex.js[22m [47m[37m░░░░░░░░░░░░░░░░[39m[49m[1m  0.0% [22m[2m(0/1)[22m
[1mWeb[22m [0m[2m./[22m[0m[1mindex.js[22m [47m[37m░░░░░░░░░░░░░░░░[39m[49m[1m  0.0% [22m[2m(0/1)[22m[90D[2K[1A[2K[1A[2K[1A[2K[1mWeb[22m [0m[2m./[22m[0m[1mindex.js[22m [32m[42m▓▓▓▓▓▓▓▓[49m[39m[47m[37m░░░░░░░░[39m[49m[1m 51.0% [22m[2m(227/318)[22m
[1mWeb[22m [0m[2m./[22m[0m[1mindex.js[22m [47m[37m░░░░░░░░░░░░░░░░[39m[49m[1m  0.0% [22m[2m(0/1)[22m
[1mWeb[22m [0m[2m./[22m[0m[1mindex.js[22m [47m[37m░░░░░░░░░░░░░░░░[39m[49m[1m  0.0% [22m[2m(0/1)[22m
[1mWeb[22m [0m[2m./[22m[0m[1mindex.js[22m [47m[37m░░░░░░░░░░░░░░░░[39m[49m[1m  0.0% [22m[2m(0/1)[22m[90D[2K[1A[2K[1A[2K[1A[2K[1mWeb[22m [0m[2m./[22m[0m[1mindex.js[22m [32m[42m▓▓▓▓▓▓▓▓▓[49m[39m[47m[37m░░░░░░░[39m[49m[1m 58.0% [22m[2m(243/319)[22m
[1mWeb[22m [0m[2m./[22m[0m[1mindex.js[22m [47m[37m░░░░░░░░░░░░░░░░[39m[49m[1m  0.0% [22m[2m(0/1)[22m
[1mWeb[22m [0m[2m./[22m[0m[1mindex.js[22m [47m[37m░░░░░░░░░░░░░░░░[39m[49m[1m  0.0% [22m[2m(0/1)[22m
[1mWeb[22m [0m[2m./[22m[0m[1mindex.js[22m [47m[37m░░░░░░░░░░░░░░░░[39m[49m[1m  0.0% [22m[2m(0/1)[22m[90D[2K[1A[2K[1A[2K[1A[2K[1mWeb[22m [0m[2m./[22m[0m[1mindex.js[22m [32m[42m▓▓▓▓▓▓▓▓▓▓[49m[39m[47m[37m░░░░░░[39m[49m[1m 64.1% [22m[2m(261/326)[22m
[1mWeb[22m [0m[2m./[22m[0m[1mindex.js[22m [47m[37m░░░░░░░░░░░░░░░░[39m[49m[1m  0.0% [22m[2m(0/1)[22m
[1mWeb[22m [0m[2m./[22m[0m[1mindex.js[22m [47m[37m░░░░░░░░░░░░░░░░[39m[49m[1m  0.0% [22m[2m(0/1)[22m
[1mWeb[22m [0m[2m./[22m[0m[1mindex.js[22m [47m[37m░░░░░░░░░░░░░░░░[39m[49m[1m  0.0% [22m[2m(0/1)[22m[90D[2K[1A[2K[1A[2K[1A[2K[1mWeb[22m [0m[2m./[22m[0m[1mindex.js[22m [32m[42m▓▓▓▓▓▓▓▓▓▓[49m[39m[47m[37m░░░░░░[39m[49m[1m 68.3% [22m[2m(271/328)[22m
[1mWeb[22m [0m[2m./[22m[0m[1mindex.js[22m [47m[37m░░░░░░░░░░░░░░░░[39m[49m[1m  0.0% [22m[2m(0/1)[22m
[1mWeb[22m [0m[2m./[22m[0m[1mindex.js[22m [47m[37m░░░░░░░░░░░░░░░░[39m[49m[1m  0.0% [22m[2m(0/1)[22m
[1mWeb[22m [0m[2m./[22m[0m[1mindex.js[22m [47m[37m░░░░░░░░░░░░░░░░[39m[49m[1m  0.0% [22m[2m(0/1)[22m[90D[2K[1A[2K[1A[2K[1A[2K[1mWeb[22m [0m[2m./[22m[0m[1mindex.js[22m [32m[42m▓▓▓▓▓▓▓▓▓▓▓[49m[39m[47m[37m░░░░░[39m[49m[1m 70.2% [22m[2m(289/345)[22m
[1mWeb[22m [0m[2m./[22m[0m[1mindex.js[22m [47m[37m░░░░░░░░░░░░░░░░[39m[49m[1m  0.0% [22m[2m(0/1)[22m
[1mWeb[22m [0m[2m./[22m[0m[1mindex.js[22m [47m[37m░░░░░░░░░░░░░░░░[39m[49m[1m  0.0% [22m[2m(0/1)[22m
[1mWeb[22m [0m[2m./[22m[0m[1mindex.js[22m [47m[37m░░░░░░░░░░░░░░░░[39m[49m[1m  0.0% [22m[2m(0/1)[22m[90D[2K[1A[2K[1A[2K[1A[2K[1mWeb[22m [0m[2m./[22m[0m[1mindex.js[22m [32m[42m▓▓▓▓▓▓▓▓▓▓▓[49m[39m[47m[37m░░░░░[39m[49m[1m 70.2% [22m[2m(298/365)[22m
[1mWeb[22m [0m[2m./[22m[0m[1mindex.js[22m [47m[37m░░░░░░░░░░░░░░░░[39m[49m[1m  0.0% [22m[2m(0/1)[22m
[1mWeb[22m [0m[2m./[22m[0m[1mindex.js[22m [47m[37m░░░░░░░░░░░░░░░░[39m[49m[1m  0.0% [22m[2m(0/1)[22m
[1mWeb[22m [0m[2m./[22m[0m[1mindex.js[22m [47m[37m░░░░░░░░░░░░░░░░[39m[49m[1m  0.0% [22m[2m(0/1)[22m[90D[2K[1A[2K[1A[2K[1A[2K[1mWeb[22m [0m[2m./[22m[0m[1mindex.js[22m [32m[42m▓▓▓▓▓▓▓▓▓▓▓[49m[39m[47m[37m░░░░░[39m[49m[1m 70.2% [22m[2m(311/374)[22m
[1mWeb[22m [0m[2m./[22m[0m[1mindex.js[22m [47m[37m░░░░░░░░░░░░░░░░[39m[49m[1m  0.0% [22m[2m(0/1)[22m
[1mWeb[22m [0m[2m./[22m[0m[1mindex.js[22m [47m[37m░░░░░░░░░░░░░░░░[39m[49m[1m  0.0% [22m[2m(0/1)[22m
[1mWeb[22m [0m[2m./[22m[0m[1mindex.js[22m [47m[37m░░░░░░░░░░░░░░░░[39m[49m[1m  0.0% [22m[2m(0/1)[22m[90D[2K[1A[2K[1A[2K[1A[2K[1mWeb[22m [0m[2m./[22m[0m[1mindex.js[22m [32m[42m▓▓▓▓▓▓▓▓▓▓▓[49m[39m[47m[37m░░░░░[39m[49m[1m 72.9% [22m[2m(321/376)[22m
[1mWeb[22m [0m[2m./[22m[0m[1mindex.js[22m [47m[37m░░░░░░░░░░░░░░░░[39m[49m[1m  0.0% [22m[2m(0/1)[22m
[1mWeb[22m [0m[2m./[22m[0m[1mindex.js[22m [47m[37m░░░░░░░░░░░░░░░░[39m[49m[1m  0.0% [22m[2m(0/1)[22m
[1mWeb[22m [0m[2m./[22m[0m[1mindex.js[22m [47m[37m░░░░░░░░░░░░░░░░[39m[49m[1m  0.0% [22m[2m(0/1)[22m[90D[2K[1A[2K[1A[2K[1A[2K[1mWeb[22m [0m[2m./[22m[0m[1mindex.js[22m [32m[42m▓▓▓▓▓▓▓▓▓▓▓▓[49m[39m[47m[37m░░░░[39m[49m[1m 76.6% [22m[2m(350/400)[22m
[1mWeb[22m [0m[2m./[22m[0m[1mindex.js[22m [47m[37m░░░░░░░░░░░░░░░░[39m[49m[1m  0.0% [22m[2m(0/1)[22m
[1mWeb[22m [0m[2m./[22m[0m[1mindex.js[22m [47m[37m░░░░░░░░░░░░░░░░[39m[49m[1m  0.0% [22m[2m(0/1)[22m
[1mWeb[22m [0m[2m./[22m[0m[1mindex.js[22m [47m[37m░░░░░░░░░░░░░░░░[39m[49m[1m  0.0% [22m[2m(0/1)[22m[90D[2K[1A[2K[1A[2K[1A[2K[1mWeb[22m [0m[2m./[22m[0m[1mindex.js[22m [32m[42m▓▓▓▓▓▓▓▓▓▓▓▓[49m[39m[47m[37m░░░░[39m[49m[1m 80.3% [22m[2m(362/404)[22m
[1mWeb[22m [0m[2m./[22m[0m[1mindex.js[22m [47m[37m░░░░░░░░░░░░░░░░[39m[49m[1m  0.0% [22m[2m(0/1)[22m
[1mWeb[22m [0m[2m./[22m[0m[1mindex.js[22m [47m[37m░░░░░░░░░░░░░░░░[39m[49m[1m  0.0% [22m[2m(0/1)[22m
[1mWeb[22m [0m[2m./[22m[0m[1mindex.js[22m [47m[37m░░░░░░░░░░░░░░░░[39m[49m[1m  0.0% [22m[2m(0/1)[22m[90D[2K[1A[2K[1A[2K[1A[2K[1mWeb[22m [0m[2m./[22m[0m[1mindex.js[22m [32m[42m▓▓▓▓▓▓▓▓▓▓▓▓▓[49m[39m[47m[37m░░░[39m[49m[1m 83.1% [22m[2m(382/419)[22m
[1mWeb[22m [0m[2m./[22m[0m[1mindex.js[22m [47m[37m░░░░░░░░░░░░░░░░[39m[49m[1m  0.0% [22m[2m(0/1)[22m
[1mWeb[22m [0m[2m./[22m[0m[1mindex.js[22m [47m[37m░░░░░░░░░░░░░░░░[39m[49m[1m  0.0% [22m[2m(0/1)[22m
[1mWeb[22m [0m[2m./[22m[0m[1mindex.js[22m [47m[37m░░░░░░░░░░░░░░░░[39m[49m[1m  0.0% [22m[2m(0/1)[22m[90D[2K[1A[2K[1A[2K[1A[2K[1mWeb[22m [0m[2m./[22m[0m[1mindex.js[22m [32m[42m▓▓▓▓▓▓▓▓▓▓▓▓▓[49m[39m[47m[37m░░░[39m[49m[1m 83.1% [22m[2m(400/442)[22m
[1mWeb[22m [0m[2m./[22m[0m[1mindex.js[22m [47m[37m░░░░░░░░░░░░░░░░[39m[49m[1m  0.0% [22m[2m(0/1)[22m
[1mWeb[22m [0m[2m./[22m[0m[1mindex.js[22m [47m[37m░░░░░░░░░░░░░░░░[39m[49m[1m  0.0% [22m[2m(0/1)[22m
[1mWeb[22m [0m[2m./[22m[0m[1mindex.js[22m [47m[37m░░░░░░░░░░░░░░░░[39m[49m[1m  0.0% [22m[2m(0/1)[22m[90D[2K[1A[2K[1A[2K[1A[2K[1mWeb[22m [0m[2m./[22m[0m[1mindex.js[22m [32m[42m▓▓▓▓▓▓▓▓▓▓▓▓▓[49m[39m[47m[37m░░░[39m[49m[1m 85.5% [22m[2m(417/451)[22m
[1mWeb[22m [0m[2m./[22m[0m[1mindex.js[22m [47m[37m░░░░░░░░░░░░░░░░[39m[49m[1m  0.0% [22m[2m(0/1)[22m
[1mWeb[22m [0m[2m./[22m[0m[1mindex.js[22m [47m[37m░░░░░░░░░░░░░░░░[39m[49m[1m  0.0% [22m[2m(0/1)[22m
[1mWeb[22m [0m[2m./[22m[0m[1mindex.js[22m [47m[37m░░░░░░░░░░░░░░░░[39m[49m[1m  0.0% [22m[2m(0/1)[22m[90D[2K[1A[2K[1A[2K[1A[2K[1mWeb[22m [0m[2m./[22m[0m[1mindex.js[22m [32m[42m▓▓▓▓▓▓▓▓▓▓▓▓▓▓▓[49m[39m[47m[37m░[39m[49m[1m 94.3% [22m[2m(439/452)[22m
[1mWeb[22m [0m[2m./[22m[0m[1mindex.js[22m [47m[37m░░░░░░░░░░░░░░░░[39m[49m[1m  0.0% [22m[2m(0/1)[22m
[1mWeb[22m [0m[2m./[22m[0m[1mindex.js[22m [47m[37m░░░░░░░░░░░░░░░░[39m[49m[1m  0.0% [22m[2m(0/1)[22m
[1mWeb[22m [0m[2m./[22m[0m[1mindex.js[22m [47m[37m░░░░░░░░░░░░░░░░[39m[49m[1m  0.0% [22m[2m(0/1)[22m[90D[2K[1A[2K[1A[2K[1A[2K[1mWeb[22m [0m[2m./[22m[0m[1mindex.js[22m [32m[42m▓▓▓▓▓▓▓▓▓▓▓▓▓▓▓[49m[39m[47m[37m░[39m[49m[1m 95.6% [22m[2m(442/452)[22m
[1mWeb[22m [0m[2m./[22m[0m[1mindex.js[22m [47m[37m░░░░░░░░░░░░░░░░[39m[49m[1m  0.0% [22m[2m(0/1)[22m
[1mWeb[22m [0m[2m./[22m[0m[1mindex.js[22m [47m[37m░░░░░░░░░░░░░░░░[39m[49m[1m  0.0% [22m[2m(0/1)[22m
[1mWeb[22m [0m[2m./[22m[0m[1mindex.js[22m [47m[37m░░░░░░░░░░░░░░░░[39m[49m[1m  0.0% [22m[2m(0/1)[22m[90D[2K[1A[2K[1A[2K[1A[2K[1mWeb[22m [0m[2m./[22m[0m[1mindex.js[22m [32m[42m▓▓▓▓▓▓▓▓▓▓▓▓▓▓▓[49m[39m[47m[37m░[39m[49m[1m 97.8% [22m[2m(450/455)[22m
[1mWeb[22m [0m[2m./[22m[0m[1mindex.js[22m [47m[37m░░░░░░░░░░░░░░░░[39m[49m[1m  0.0% [22m[2m(0/1)[22m
[1mWeb[22m [0m[2m./[22m[0m[1mindex.js[22m [47m[37m░░░░░░░░░░░░░░░░[39m[49m[1m  0.0% [22m[2m(0/1)[22m
[1mWeb[22m [0m[2m./[22m[0m[1mindex.js[22m [47m[37m░░░░░░░░░░░░░░░░[39m[49m[1m  0.0% [22m[2m(0/1)[22m[90D[2K[1A[2K[1A[2K[1A[2K[1mWeb[22m [0m[2m./[22m[0m[1mindex.js[22m [32m[42m▓▓▓▓▓▓▓▓▓▓▓▓▓▓▓[49m[39m[47m[37m░[39m[49m[1m 98.2% [22m[2m(451/455)[22m
[1mWeb[22m [0m[2m./[22m[0m[1mindex.js[22m [47m[37m░░░░░░░░░░░░░░░░[39m[49m[1m  0.0% [22m[2m(0/1)[22m
[1mWeb[22m [0m[2m./[22m[0m[1mindex.js[22m [47m[37m░░░░░░░░░░░░░░░░[39m[49m[1m  0.0% [22m[2m(0/1)[22m
[1mWeb[22m [0m[2m./[22m[0m[1mindex.js[22m [47m[37m░░░░░░░░░░░░░░░░[39m[49m[1m  0.0% [22m[2m(0/1)[22m[90D[2K[1A[2K[1A[2K[1A[2K[1mWeb[22m [0m[2m./[22m[0m[1mindex.js[22m [32m[42m▓▓▓▓▓▓▓▓▓▓▓▓▓▓▓[49m[39m[47m[37m░[39m[49m[1m 98.7% [22m[2m(454/457)[22m
[1mWeb[22m [0m[2m./[22m[0m[1mindex.js[22m [47m[37m░░░░░░░░░░░░░░░░[39m[49m[1m  0.0% [22m[2m(0/1)[22m
[1mWeb[22m [0m[2m./[22m[0m[1mindex.js[22m [47m[37m░░░░░░░░░░░░░░░░[39m[49m[1m  0.0% [22m[2m(0/1)[22m
[1mWeb[22m [0m[2m./[22m[0m[1mindex.js[22m [47m[37m░░░░░░░░░░░░░░░░[39m[49m[1m  0.0% [22m[2m(0/1)[22m[90D[2K[1A[2K[1A[2K[1A[2K[1mWeb[22m [0m[2m./[22m[0m[1mindex.js[22m [32m[42m▓▓▓▓▓▓▓▓▓▓▓▓▓▓▓[49m[39m[47m[37m░[39m[49m[1m 99.1% [22m[2m(458/460)[22m
[1mWeb[22m [0m[2m./[22m[0m[1mindex.js[22m [47m[37m░░░░░░░░░░░░░░░░[39m[49m[1m  0.0% [22m[2m(0/1)[22m
[1mWeb[22m [0m[2m./[22m[0m[1mindex.js[22m [47m[37m░░░░░░░░░░░░░░░░[39m[49m[1m  0.0% [22m[2m(0/1)[22m
[1mWeb[22m [0m[2m./[22m[0m[1mindex.js[22m [47m[37m░░░░░░░░░░░░░░░░[39m[49m[1m  0.0% [22m[2m(0/1)[22m[90D[2K[1A[2K[1A[2K[1A[2K[1mWeb[22m [0m[2m./[22m[0m[1mindex.js[22m [32m[42m▓▓▓▓▓▓▓▓▓▓▓▓▓▓▓[49m[39m[47m[37m░[39m[49m[1m 99.6% [22m[2m(462/463)[22m
[1mWeb[22m [0m[2m./[22m[0m[1mindex.js[22m [47m[37m░░░░░░░░░░░░░░░░[39m[49m[1m  0.0% [22m[2m(0/1)[22m
[1mWeb[22m [0m[2m./[22m[0m[1mindex.js[22m [47m[37m░░░░░░░░░░░░░░░░[39m[49m[1m  0.0% [22m[2m(0/1)[22m
[1mWeb[22m [0m[2m./[22m[0m[1mindex.js[22m [47m[37m░░░░░░░░░░░░░░░░[39m[49m[1m  0.0% [22m[2m(0/1)[22m[90D[2K[1A[2K[1A[2K[1A[2K[1mWeb[22m [0m[2m./[22m[0m[1mindex.js[22m [32m[42m▓▓▓▓▓▓▓▓▓▓▓▓▓▓▓▓[49m[39m[1m 100.0% [22m[2m(463/463)[22m
[1mWeb[22m [0m[2m./[22m[0m[1mindex.js[22m [47m[37m░░░░░░░░░░░░░░░░[39m[49m[1m  0.0% [22m[2m(0/1)[22m
[1mWeb[22m [0m[2m./[22m[0m[1mindex.js[22m [47m[37m░░░░░░░░░░░░░░░░[39m[49m[1m  0.0% [22m[2m(0/1)[22m
[1mWeb[22m [0m[2m./[22m[0m[1mindex.js[22m [47m[37m░░░░░░░░░░░░░░░░[39m[49m[1m  0.0% [22m[2m(0/1)[22m[90D[2K[1A[2K[1A[2K[1A[2K[1mWeb[22m [0m[2m./[22m[0m[1mindex.js[22m [32m[42m▓▓▓▓▓▓▓▓▓▓▓▓▓▓▓▓[49m[39m[1m 100.0% [22m[2m(465/465)[22m
[1mWeb[22m [0m[2m./[22m[0m[1mindex.js[22m [47m[37m░░░░░░░░░░░░░░░░[39m[49m[1m  0.0% [22m[2m(0/1)[22m
[1mWeb[22m [0m[2m./[22m[0m[1mindex.js[22m [47m[37m░░░░░░░░░░░░░░░░[39m[49m[1m  0.0% [22m[2m(0/1)[22m
[1mWeb[22m [0m[2m./[22m[0m[1mindex.js[22m [47m[37m░░░░░░░░░░░░░░░░[39m[49m[1m  0.0% [22m[2m(0/1)[22m[90D[2K[1A[2K[1A[2K[1A[2K[32m[1mWeb[22m Bundled [39m[2m7403ms[22m[0m[2m index.js (465 modules)[22m[0m
[1mWeb[22m [0m[2m./[22m[0m[1mindex.js[22m [32m[42m▓▓▓▓▓▓▓▓▓▓▓▓▓▓▓▓[49m[39m[1m 100.0% [22m[2m(465/465)[22m
[1mWeb[22m [0m[2m./[22m[0m[1mindex.js[22m [47m[37m░░░░░░░░░░░░░░░░[39m[49m[1m  0.0% [22m[2m(0/1)[22m
[1mWeb[22m [0m[2m./[22m[0m[1mindex.js[22m [47m[37m░░░░░░░░░░░░░░░░[39m[49m[1m  0.0% [22m[2m(0/1)[22m
[1mWeb[22m [0m[2m./[22m[0m[1mindex.js[22m [47m[37m░░░░░░░░░░░░░░░░[39m[49m[1m  0.0% [22m[2m(0/1)[22m[90D[2K[1A[2K[1A[2K[1A[2K[32m[1mWeb[22m Bundled [39m[2m7413ms[22m[0m[2m index.js (1 module)[22m[0m
[32m[1mWeb[22m Bundled [39m[2m7428ms[22m[0m[2m index.js (1 module)[22m[0m
[32m[1mWeb[22m Bundled [39m[2m7441ms[22m[0m[2m index.js (1 module)[22m[0m
[1mWeb[22m [0m[2m./[22m[0m[1mindex.js[22m [47m[37m░░░░░░░░░░░░░░░░[39m[49m[1m  0.0% [22m[2m(0/1)[22m[90D[2K[90D[2K[1mWeb[22m [0m[2m./[22m[0m[1mindex.js[22m [47m[37m░░░░░░░░░░░░░░░░[39m[49m[1m  0.0% [22m[2m(0/1)[22m[90D[2K[32m[1mWeb[22m Bundled [39m[2m34ms[22m[0m[2m index.js (1 module)[22m[0m
[1mWeb[22m [0m[2m./[22m[0m[1mindex.js[22m [47m[37m░░░░░░░░░░░░░░░░[39m[49m[1m  0.0% [22m[2m(0/1)[22m[90D[2K[90D[2K[1mWeb[22m [0m[2m./[22m[0m[1mindex.js[22m [47m[37m░░░░░░░░░░░░░░░░[39m[49m[1m  0.0% [22m[2m(0/1)[22m[90D[2K[32m[1mWeb[22m Bundled [39m[2m18ms[22m[0m[2m index.js (1 module)[22m[0m
[90D[2K[1mWeb[22m [0m[2m./[22m[0m[1mindex.js[22m [47m[37m░░░░░░░░░░░░░░░░[39m[49m[1m  0.0% [22m[2m(0/1)[22m[90D[2K[32m[1mWeb[22m Bundled [39m[2m24ms[22m[0m[2m index.js (1 module)[22m[0m
[90D[2K[1mWeb[22m [0m[2m./[22m[0m[1mindex.js[22m [47m[37m░░░░░░░░░░░░░░░░[39m[49m[1m  0.0% [22m[2m(0/1)[22m[90D[2K[32m[1mWeb[22m Bundled [39m[2m27ms[22m[0m[2m index.js (1 module)[22m[0m
[90D[2K[1mWeb[22m [0m[2m./[22m[0m[1mindex.js[22m [47m[37m░░░░░░░░░░░░░░░░[39m[49m[1m  0.0% [22m[2m(0/1)[22m[90D[2K[32m[1mWeb[22m Bundled [39m[2m22ms[22m[0m[2m index.js (1 module)[22m[0m
[90D[2K[1mWeb[22m [0m[2m./[22m[0m[1mindex.js[22m [47m[37m░░░░░░░░░░░░░░░░[39m[49m[1m  0.0% [22m[2m(0/1)[22m[90D[2K[32m[1mWeb[22m Bundled [39m[2m21ms[22m[0m[2m index.js (1 module)[22m[0m
[90D[2K[1mWeb[22m [0m[2m./[22m[0m[1mindex.js[22m [47m[37m░░░░░░░░░░░░░░░░[39m[49m[1m  0.0% [22m[2m(0/1)[22m[90D[2K[32m[1mWeb[22m Bundled [39m[2m21ms[22m[0m[2m index.js (1 module)[22m[0m
[90D[2K[1mWeb[22m [0m[2m./[22m[0m[1mindex.js[22m [47m[37m░░░░░░░░░░░░░░░░[39m[49m[1m  0.0% [22m[2m(0/1)[22m[90D[2K[32m[1mWeb[22m Bundled [39m[2m20ms[22m[0m[2m index.js (1 module)[22m[0m
[90D[2K[1mWeb[22m [0m[2m./[22m[0m[1mindex.js[22m [47m[37m░░░░░░░░░░░░░░░░[39m[49m[1m  0.0% [22m[2m(0/1)[22m[90D[2K[32m[1mWeb[22m Bundled [39m[2m19ms[22m[0m[2m index.js (1 module)[22m[0m
[90D[2K› Reloading apps
[33mNo apps connected. Sending "reload" to all React Native apps failed. Make sure your app is running in the simulator or on a phone connected via USB.[39m
[90D[2K[1mWeb[22m [0m[2m./[22m[0m[1mindex.js[22m [47m[37m░░░░░░░░░░░░░░░░[39m[49m[1m  0.0% [22m[2m(0/1)[22m[90D[2K[32m[1mWeb[22m Bundled [39m[2m23ms[22m[0m[2m index.js (1 module)[22m[0m
[90D[2K[1mWeb[22m [0m[2m./[22m[0m[1mindex.js[22m [47m[37m░░░░░░░░░░░░░░░░[39m[49m[1m  0.0% [22m[2m(0/1)[22m[90D[2K[32m[1mWeb[22m Bundled [39m[2m17ms[22m[0m[2m index.js (1 module)[22m[0m
[90D[2K[1mWeb[22m [0m[2m./[22m[0m[1mindex.js[22m [47m[37m░░░░░░░░░░░░░░░░[39m[49m[1m  0.0% [22m[2m(0/1)[22m[90D[2K[32m[1mWeb[22m Bundled [39m[2m22ms[22m[0m[2m index.js (1 module)[22m[0m
[90D[2K[1mWeb[22m [0m[2m./[22m[0m[1mindex.js[22m [47m[37m░░░░░░░░░░░░░░░░[39m[49m[1m  0.0% [22m[2m(0/1)[22m[90D[2K[32m[1mWeb[22m Bundled [39m[2m67ms[22m[0m[2m index.js (1 module)[22m[0m
[1mWeb[22m [0m[2m./[22m[0m[1mindex.js[22m [47m[37m░░░░░░░░░░░░░░░░[39m[49m[1m  0.0% [22m[2m(0/1)[22m[90D[2K[90D[2K[1mWeb[22m [0m[2m./[22m[0m[1mindex.js[22m [47m[37m░░░░░░░░░░░░░░░░[39m[49m[1m  0.0% [22m[2m(0/1)[22m[90D[2K[32m[1mWeb[22m Bundled [39m[2m75ms[22m[0m[2m index.js (1 module)[22m[0m
[1mWeb[22m [0m[2m./[22m[0m[1mindex.js[22m [47m[37m░░░░░░░░░░░░░░░░[39m[49m[1m  0.0% [22m[2m(0/1)[22m[90D[2K[90D[2K[1mWeb[22m [0m[2m./[22m[0m[1mindex.js[22m [47m[37m░░░░░░░░░░░░░░░░[39m[49m[1m  0.0% [22m[2m(0/1)[22m[90D[2K[32m[1mWeb[22m Bundled [39m[2m40ms[22m[0m[2m index.js (1 module)[22m[0m
[1mWeb[22m [0m[2m./[22m[0m[1mindex.js[22m [47m[37m░░░░░░░░░░░░░░░░[39m[49m[1m  0.0% [22m[2m(0/1)[22m[90D[2K[90D[2K[1mWeb[22m [0m[2m./[22m[0m[1mindex.js[22m [47m[37m░░░░░░░░░░░░░░░░[39m[49m[1m  0.0% [22m[2m(0/1)[22m[90D[2K[32m[1mWeb[22m Bundled [39m[2m36ms[22m[0m[2m index.js (1 module)[22m[0m
[1mWeb[22m [0m[2m./[22m[0m[1mindex.js[22m [47m[37m░░░░░░░░░░░░░░░░[39m[49m[1m  0.0% [22m[2m(0/1)[22m[90D[2K[90D[2K[1mWeb[22m [0m[2m./[22m[0m[1mindex.js[22m [47m[37m░░░░░░░░░░░░░░░░[39m[49m[1m  0.0% [22m[2m(0/1)[22m[90D[2K[32m[1mWeb[22m Bundled [39m[2m50ms[22m[0m[2m index.js (1 module)[22m[0m
[1mWeb[22m [0m[2m./[22m[0m[1mindex.js[22m [47m[37m░░░░░░░░░░░░░░░░[39m[49m[1m  0.0% [22m[2m(0/1)[22m[90D[2K[90D[2K[1mWeb[22m [0m[2m./[22m[0m[1mindex.js[22m [47m[37m░░░░░░░░░░░░░░░░[39m[49m[1m  0.0% [22m[2m(0/1)[22m[90D[2K[32m[1mWeb[22m Bundled [39m[2m41ms[22m[0m[2m index.js (1 module)[22m[0m
[1mWeb[22m [0m[2m./[22m[0m[1mindex.js[22m [47m[37m░░░░░░░░░░░░░░░░[39m[49m[1m  0.0% [22m[2m(0/1)[22m[90D[2K[90D[2K[1mWeb[22m [0m[2m./[22m[0m[1mindex.js[22m [47m[37m░░░░░░░░░░░░░░░░[39m[49m[1m  0.0% [22m[2m(0/1)[22m[90D[2K[32m[1mWeb[22m Bundled [39m[2m45ms[22m[0m[2m index.js (1 module)[22m[0m
[1mWeb[22m [0m[2m./[22m[0m[1mindex.js[22m [47m[37m░░░░░░░░░░░░░░░░[39m[49m[1m  0.0% [22m[2m(0/1)[22m[90D[2K[90D[2K[1mWeb[22m [0m[2m./[22m[0m[1mindex.js[22m [47m[37m░░░░░░░░░░░░░░░░[39m[49m[1m  0.0% [22m[2m(0/1)[22m[90D[2K[32m[1mWeb[22m Bundled [39m[2m43ms[22m[0m[2m index.js (1 module)[22m[0m
[1mWeb[22m [0m[2m./[22m[0m[1mindex.js[22m [47m[37m░░░░░░░░░░░░░░░░[39m[49m[1m  0.0% [22m[2m(0/1)[22m[90D[2K[90D[2K[1mWeb[22m [0m[2m./[22m[0m[1mindex.js[22m [47m[37m░░░░░░░░░░░░░░░░[39m[49m[1m  0.0% [22m[2m(0/1)[22m[90D[2K[32m[1mWeb[22m Bundled [39m[2m17ms[22m[0m[2m index.js (1 module)[22m[0m
[90D[2K[1mWeb[22m [0m[2m./[22m[0m[1mindex.js[22m [47m[37m░░░░░░░░░░░░░░░░[39m[49m[1m  0.0% [22m[2m(0/1)[22m[90D[2K[32m[1mWeb[22m Bundled [39m[2m39ms[22m[0m[2m index.js (1 module)[22m[0m
[1mWeb[22m [0m[2m./[22m[0m[1mindex.js[22m [47m[37m░░░░░░░░░░░░░░░░[39m[49m[1m  0.0% [22m[2m(0/1)[22m[90D[2K[90D[2K[1mWeb[22m [0m[2m./[22m[0m[1mindex.js[22m [47m[37m░░░░░░░░░░░░░░░░[39m[49m[1m  0.0% [22m[2m(0/1)[22m[90D[2K[32m[1mWeb[22m Bundled [39m[2m38ms[22m[0m[2m index.js (1 module)[22m[0m
[1mWeb[22m [0m[2m./[22m[0m[1mindex.js[22m [47m[37m░░░░░░░░░░░░░░░░[39m[49m[1m  0.0% [22m[2m(0/1)[22m[90D[2K[90D[2K[1mWeb[22m [0m[2m./[22m[0m[1mindex.js[22m [47m[37m░░░░░░░░░░░░░░░░[39m[49m[1m  0.0% [22m[2m(0/1)[22m[90D[2K[32m[1mWeb[22m Bundled [39m[2m37ms[22m[0m[2m index.js (1 module)[22m[0m
[1mWeb[22m [0m[2m./[22m[0m[1mindex.js[22m [47m[37m░░░░░░░░░░░░░░░░[39m[49m[1m  0.0% [22m[2m(0/1)[22m[90D[2K[90D[2K[1mWeb[22m [0m[2m./[22m[0m[1mindex.js[22m [47m[37m░░░░░░░░░░░░░░░░[39m[49m[1m  0.0% [22m[2m(0/1)[22m[90D[2K[32m[1mWeb[22m Bundled [39m[2m19ms[22m[0m[2m index.js (1 module)[22m[0m
[90D[2K[1mWeb[22m [0m[2m./[22m[0m[1mindex.js[22m [47m[37m░░░░░░░░░░░░░░░░[39m[49m[1m  0.0% [22m[2m(0/1)[22m[90D[2K[32m[1mWeb[22m Bundled [39m[2m40ms[22m[0m[2m index.js (1 module)[22m[0m
[1mWeb[22m [0m[2m./[22m[0m[1mindex.js[22m [47m[37m░░░░░░░░░░░░░░░░[39m[49m[1m  0.0% [22m[2m(0/1)[22m[90D[2K[90D[2K[1mWeb[22m [0m[2m./[22m[0m[1mindex.js[22m [47m[37m░░░░░░░░░░░░░░░░[39m[49m[1m  0.0% [22m[2m(0/1)[22m[90D[2K[32m[1mWeb[22m Bundled [39m[2m37ms[22m[0m[2m index.js (1 module)[22m[0m
[1mWeb[22m [0m[2m./[22m[0m[1mindex.js[22m [47m[37m░░░░░░░░░░░░░░░░[39m[49m[1m  0.0% [22m[2m(0/1)[22m[90D[2K[90D[2K[1mWeb[22m [0m[2m./[22m[0m[1mindex.js[22m [47m[37m░░░░░░░░░░░░░░░░[39m[49m[1m  0.0% [22m[2m(0/1)[22m[90D[2K[32m[1mWeb[22m Bundled [39m[2m37ms[22m[0m[2m index.js (1 module)[22m[0m
[1mWeb[22m [0m[2m./[22m[0m[1mindex.js[22m [47m[37m░░░░░░░░░░░░░░░░[39m[49m[1m  0.0% [22m[2m(0/1)[22m[90D[2K[90D[2K[1mWeb[22m [0m[2m./[22m[0m[1mindex.js[22m [47m[37m░░░░░░░░░░░░░░░░[39m[49m[1m  0.0% [22m[2m(0/1)[22m[90D[2K[32m[1mWeb[22m Bundled [39m[2m42ms[22m[0m[2m index.js (1 module)[22m[0m
[1mWeb[22m [0m[2m./[22m[0m[1mindex.js[22m [47m[37m░░░░░░░░░░░░░░░░[39m[49m[1m  0.0% [22m[2m(0/1)[22m[90D[2K[33mUnable to resolve asset "./assets/adaptive-icon.png" from "android.adaptiveIcon.foregroundImage" in your app.json or app.config.js[39m
[90D[2K[1mWeb[22m [0m[2m./[22m[0m[1mindex.js[22m [47m[37m░░░░░░░░░░░░░░░░[39m[49m[1m  0.0% [22m[2m(0/1)[22m[90D[2K[32m[1mWeb[22m Bundled [39m[2m46ms[22m[0m[2m index.js (1 module)[22m[0m
[1mWeb[22m [0m[2m./[22m[0m[1mindex.js[22m [47m[37m░░░░░░░░░░░░░░░░[39m[49m[1m  0.0% [22m[2m(0/1)[22m[90D[2K[90D[2K[1mWeb[22m [0m[2m./[22m[0m[1mindex.js[22m [47m[37m░░░░░░░░░░░░░░░░[39m[49m[1m  0.0% [22m[2m(0/1)[22m[90D[2K[32m[1mWeb[22m Bundled [39m[2m36ms[22m[0m[2m index.js (1 module)[22m[0m
[1mWeb[22m [0m[2m./[22m[0m[1mindex.js[22m [47m[37m░░░░░░░░░░░░░░░░[39m[49m[1m  0.0% [22m[2m(0/1)[22m[90D[2K[90D[2K[1mWeb[22m [0m[2m./[22m[0m[1mindex.js[22m [47m[37m░░░░░░░░░░░░░░░░[39m[49m[1m  0.0% [22m[2m(0/1)[22m[90D[2K[32m[1mWeb[22m Bundled [39m[2m21ms[22m[0m[2m index.js (1 module)[22m[0m
[33mUnable to resolve asset "./assets/adaptive-icon.png" from "android.adaptiveIcon.foregroundImage" in your app.json or app.config.js[39m
[90D[2K[1mAndroid[22m [0m[2m./[22m[0m[1mindex.js[22m [47m[37m░░░░░░░░░░░░░░░░[39m[49m[1m  0.0% [22m[2m(0/1)[22m[90D[2K[1mAndroid[22m [0m[2m./[22m[0m[1mindex.js[22m [47m[37m░░░░░░░░░░░░░░░░[39m[49m[1m  0.0% [22m[2m(1/1)[22m[90D[2K[1mAndroid[22m [0m[2m./[22m[0m[1mindex.js[22m [32m[42m▓[49m[39m[47m[37m░░░░░░░░░░░░░░░[39m[49m[1m  6.3% [22m[2m(1/4)[22m[90D[2K[1mAndroid[22m [0m[2m./[22m[0m[1mindex.js[22m [32m[42m▓▓▓▓[49m[39m[47m[37m░░░░░░░░░░░░[39m[49m[1m 25.0% [22m[2m(2/4)[22m[90D[2K[1mAndroid[22m [0m[2m./[22m[0m[1mindex.js[22m [32m[42m▓▓▓▓[49m[39m[47m[37m░░░░░░░░░░░░[39m[49m[1m 25.0% [22m[2m( 7/34)[22m[90D[2K[1mAndroid[22m [0m[2m./[22m[0m[1mindex.js[22m [32m[42m▓▓▓▓[49m[39m[47m[37m░░░░░░░░░░░░[39m[49m[1m 25.0% [22m[2m(26/62)[22m[90D[2K[1mAndroid[22m [0m[2m./[22m[0m[1mindex.js[22m [32m[42m▓▓▓▓[49m[39m[47m[37m░░░░░░░░░░░░[39m[49m[1m 25.0% [22m[2m(38/86)[22m[90D[2K[1mAndroid[22m [0m[2m./[22m[0m[1mindex.js[22m [32m[42m▓▓▓▓[49m[39m[47m[37m░░░░░░░░░░░░[39m[49m[1m 25.0% [22m[2m( 57/176)[22m[90D[2K[1mAndroid[22m [0m[2m./[22m[0m[1mindex.js[22m [32m[42m▓▓▓▓[49m[39m[47m[37m░░░░░░░░░░░░[39m[49m[1m 25.0% [22m[2m( 59/176)[22m[90D[2K[1mAndroid[22m [0m[2m./[22m[0m[1mindex.js[22m [32m[42m▓▓▓▓[49m[39m[47m[37m░░░░░░░░░░░░[39m[49m[1m 25.0% [22m[2m( 69/184)[22m[90D[2K[1mAndroid[22m [0m[2m./[22m[0m[1mindex.js[22m [32m[42m▓▓▓▓[49m[39m[47m[37m░░░░░░░░░░░░[39m[49m[1m 25.0% [22m[2m( 86/197)[22m[90D[2K[1mAndroid[22m [0m[2m./[22m[0m[1mindex.js[22m [32m[42m▓▓▓▓[49m[39m[47m[37m░░░░░░░░░░░░[39m[49m[1m 25.0% [22m[2m( 93/235)[22m[90D[2K[1mAndroid[22m [0m[2m./[22m[0m[1mindex.js[22m [32m[42m▓▓▓▓[49m[39m[47m[37m░░░░░░░░░░░░[39m[49m[1m 25.0% [22m[2m( 95/237)[22m[90D[2K[1mAndroid[22m [0m[2m./[22m[0m[1mindex.js[22m [32m[42m▓▓▓▓[49m[39m[47m[37m░░░░░░░░░░░░[39m[49m[1m 25.0% [22m[2m( 99/254)[22m[90D[2K[1mAndroid[22m [0m[2m./[22m[0m[1mindex.js[22m [32m[42m▓▓▓▓[49m[39m[47m[37m░░░░░░░░░░░░[39m[49m[1m 25.0% [22m[2m(105/265)[22m[90D[2K[1mAndroid[22m [0m[2m./[22m[0m[1mindex.js[22m [32m[42m▓▓▓▓[49m[39m[47m[37m░░░░░░░░░░░░[39m[49m[1m 25.0% [22m[2m(107/269)[22m[90D[2K[1mAndroid[22m [0m[2m./[22m[0m[1mindex.js[22m [32m[42m▓▓▓▓[49m[39m[47m[37m░░░░░░░░░░░░[39m[49m[1m 25.0% [22m[2m(109/273)[22m[90D[2K[1mAndroid[22m [0m[2m./[22m[0m[1mindex.js[22m [32m[42m▓▓▓▓[49m[39m[47m[37m░░░░░░░░░░░░[39m[49m[1m 25.0% [22m[2m(119/293)[22m[90D[2K[1mAndroid[22m [0m[2m./[22m[0m[1mindex.js[22m [32m[42m▓▓▓▓[49m[39m[47m[37m░░░░░░░░░░░░[39m[49m[1m 25.0% [22m[2m(136/323)[22m[90D[2K[1mAndroid[22m [0m[2m./[22m[0m[1mindex.js[22m [32m[42m▓▓▓▓[49m[39m[47m[37m░░░░░░░░░░░░[39m[49m[1m 25.0% [22m[2m(150/337)[22m[90D[2K[1mAndroid[22m [0m[2m./[22m[0m[1mindex.js[22m [32m[42m▓▓▓▓[49m[39m[47m[37m░░░░░░░░░░░░[39m[49m[1m 25.0% [22m[2m(167/350)[22m[90D[2K[1mAndroid[22m [0m[2m./[22m[0m[1mindex.js[22m [32m[42m▓▓▓▓[49m[39m[47m[37m░░░░░░░░░░░░[39m[49m[1m 25.0% [22m[2m(184/375)[22m[90D[2K[1mAndroid[22m [0m[2m./[22m[0m[1mindex.js[22m [32m[42m▓▓▓▓[49m[39m[47m[37m░░░░░░░░░░░░[39m[49m[1m 25.0% [22m[2m(192/412)[22m[90D[2K[1mAndroid[22m [0m[2m./[22m[0m[1mindex.js[22m [32m[42m▓▓▓▓[49m[39m[47m[37m░░░░░░░░░░░░[39m[49m[1m 25.0% [22m[2m(202/417)[22m[90D[2K[1mAndroid[22m [0m[2m./[22m[0m[1mindex.js[22m [32m[42m▓▓▓▓[49m[39m[47m[37m░░░░░░░░░░░░[39m[49m[1m 25.8% [22m[2m(225/443)[22m[90D[2K[1mAndroid[22m [0m[2m./[22m[0m[1mindex.js[22m [32m[42m▓▓▓▓[49m[39m[47m[37m░░░░░░░░░░░░[39m[49m[1m 28.5% [22m[2m(245/459)[22m[90D[2K[1mAndroid[22m [0m[2m./[22m[0m[1mindex.js[22m [32m[42m▓▓▓▓▓[49m[39m[47m[37m░░░░░░░░░░░[39m[49m[1m 31.9% [22m[2m(270/478)[22m[90D[2K[1mAndroid[22m [0m[2m./[22m[0m[1mindex.js[22m [32m[42m▓▓▓▓▓[49m[39m[47m[37m░░░░░░░░░░░[39m[49m[1m 33.9% [22m[2m(293/503)[22m[90D[2K[1mAndroid[22m [0m[2m./[22m[0m[1mindex.js[22m [32m[42m▓▓▓▓▓[49m[39m[47m[37m░░░░░░░░░░░[39m[49m[1m 34.4% [22m[2m(315/537)[22m[90D[2K[1mAndroid[22m [0m[2m./[22m[0m[1mindex.js[22m [32m[42m▓▓▓▓▓[49m[39m[47m[37m░░░░░░░░░░░[39m[49m[1m 36.0% [22m[2m(337/562)[22m[90D[2K[1mAndroid[22m [0m[2m./[22m[0m[1mindex.js[22m [32m[42m▓▓▓▓▓[49m[39m[47m[37m░░░░░░░░░░░[39m[49m[1m 36.4% [22m[2m(344/570)[22m[90D[2K[1mAndroid[22m [0m[2m./[22m[0m[1mindex.js[22m [32m[42m▓▓▓▓▓▓[49m[39m[47m[37m░░░░░░░░░░[39m[49m[1m 38.1% [22m[2m(369/598)[22m[90D[2K[1mAndroid[22m [0m[2m./[22m[0m[1mindex.js[22m [32m[42m▓▓▓▓▓▓[49m[39m[47m[37m░░░░░░░░░░[39m[49m[1m 41.0% [22m[2m(392/612)[22m[90D[2K[1mAndroid[22m [0m[2m./[22m[0m[1mindex.js[22m [32m[42m▓▓▓▓▓▓[49m[39m[47m[37m░░░░░░░░░░[39m[49m[1m 41.0% [22m[2m(411/697)[22m[90D[2K[1mAndroid[22m [0m[2m./[22m[0m[1mindex.js[22m [32m[42m▓▓▓▓▓▓[49m[39m[47m[37m░░░░░░░░░░[39m[49m[1m 41.0% [22m[2m(429/699)[22m[90D[2K[1mAndroid[22m [0m[2m./[22m[0m[1mindex.js[22m [32m[42m▓▓▓▓▓▓[49m[39m[47m[37m░░░░░░░░░░[39m[49m[1m 41.0% [22m[2m(445/704)[22m[90D[2K[1mAndroid[22m [0m[2m./[22m[0m[1mindex.js[22m [32m[42m▓▓▓▓▓▓[49m[39m[47m[37m░░░░░░░░░░[39m[49m[1m 41.3% [22m[2m(458/713)[22m[90D[2K[1mAndroid[22m [0m[2m./[22m[0m[1mindex.js[22m [32m[42m▓▓▓▓▓▓▓[49m[39m[47m[37m░░░░░░░░░[39m[49m[1m 43.9% [22m[2m(474/715)[22m[90D[2K[1mAndroid[22m [0m[2m./[22m[0m[1mindex.js[22m [32m[42m▓▓▓▓▓▓▓[49m[39m[47m[37m░░░░░░░░░[39m[49m[1m 46.6% [22m[2m(493/722)[22m[90D[2K[1mAndroid[22m [0m[2m./[22m[0m[1mindex.js[22m [32m[42m▓▓▓▓▓▓▓[49m[39m[47m[37m░░░░░░░░░[39m[49m[1m 49.5% [22m[2m(515/732)[22m[90D[2K[1mAndroid[22m [0m[2m./[22m[0m[1mindex.js[22m [32m[42m▓▓▓▓▓▓▓▓[49m[39m[47m[37m░░░░░░░░[39m[49m[1m 52.9% [22m[2m(539/741)[22m[90D[2K[1mAndroid[22m [0m[2m./[22m[0m[1mindex.js[22m [32m[42m▓▓▓▓▓▓▓▓[49m[39m[47m[37m░░░░░░░░[39m[49m[1m 56.2% [22m[2m(563/751)[22m[90D[2K[1mAndroid[22m [0m[2m./[22m[0m[1mindex.js[22m [32m[42m▓▓▓▓▓▓▓▓▓[49m[39m[47m[37m░░░░░░░[39m[49m[1m 56.4% [22m[2m(564/751)[22m[90D[2K[1mAndroid[22m [0m[2m./[22m[0m[1mindex.js[22m [32m[42m▓▓▓▓▓▓▓▓▓[49m[39m[47m[37m░░░░░░░[39m[49m[1m 56.8% [22m[2m(581/771)[22m[90D[2K[1mAndroid[22m [0m[2m./[22m[0m[1mindex.js[22m [32m[42m▓▓▓▓▓▓▓▓▓[49m[39m[47m[37m░░░░░░░[39m[49m[1m 57.0% [22m[2m(582/771)[22m[90D[2K[1mAndroid[22m [0m[2m./[22m[0m[1mindex.js[22m [32m[42m▓▓▓▓▓▓▓▓▓[49m[39m[47m[37m░░░░░░░[39m[49m[1m 61.3% [22m[2m(606/774)[22m[90D[2K[1mAndroid[22m [0m[2m./[22m[0m[1mindex.js[22m [32m[42m▓▓▓▓▓▓▓▓▓▓[49m[39m[47m[37m░░░░░░[39m[49m[1m 64.0% [22m[2m(621/776)[22m[90D[2K[1mAndroid[22m [0m[2m./[22m[0m[1mindex.js[22m [32m[42m▓▓▓▓▓▓▓▓▓▓[49m[39m[47m[37m░░░░░░[39m[49m[1m 67.2% [22m[2m(636/776)[22m[90D[2K[1mAndroid[22m [0m[2m./[22m[0m[1mindex.js[22m [32m[42m▓▓▓▓▓▓▓▓▓▓▓[49m[39m[47m[37m░░░░░[39m[49m[1m 69.6% [22m[2m(649/778)[22m[90D[2K[1mAndroid[22m [0m[2m./[22m[0m[1mindex.js[22m [32m[42m▓▓▓▓▓▓▓▓▓▓▓[49m[39m[47m[37m░░░░░[39m[49m[1m 70.9% [22m[2m(661/785)[22m[90D[2K[1mAndroid[22m [0m[2m./[22m[0m[1mindex.js[22m [32m[42m▓▓▓▓▓▓▓▓▓▓▓[49m[39m[47m[37m░░░░░[39m[49m[1m 72.9% [22m[2m(676/792)[22m[90D[2K[1mAndroid[22m [0m[2m./[22m[0m[1mindex.js[22m [32m[42m▓▓▓▓▓▓▓▓▓▓▓▓[49m[39m[47m[37m░░░░[39m[49m[1m 78.1% [22m[2m(701/793)[22m[90D[2K[1mAndroid[22m [0m[2m./[22m[0m[1mindex.js[22m [32m[42m▓▓▓▓▓▓▓▓▓▓▓▓[49m[39m[47m[37m░░░░[39m[49m[1m 81.0% [22m[2m(722/802)[22m[90D[2K[1mAndroid[22m [0m[2m./[22m[0m[1mindex.js[22m [32m[42m▓▓▓▓▓▓▓▓▓▓▓▓▓[49m[39m[47m[37m░░░[39m[49m[1m 83.7% [22m[2m(739/808)[22m[90D[2K[1mAndroid[22m [0m[2m./[22m[0m[1mindex.js[22m [32m[42m▓▓▓▓▓▓▓▓▓▓▓▓▓[49m[39m[47m[37m░░░[39m[49m[1m 84.3% [22m[2m(752/819)[22m[90D[2K[1mAndroid[22m [0m[2m./[22m[0m[1mindex.js[22m [32m[42m▓▓▓▓▓▓▓▓▓▓▓▓▓[49m[39m[47m[37m░░░[39m[49m[1m 84.5% [22m[2m(753/819)[22m[90D[2K[1mAndroid[22m [0m[2m./[22m[0m[1mindex.js[22m [32m[42m▓▓▓▓▓▓▓▓▓▓▓▓▓[49m[39m[47m[37m░░░[39m[49m[1m 85.8% [22m[2m(764/825)[22m[90D[2K[1mAndroid[22m [0m[2m./[22m[0m[1mindex.js[22m [32m[42m▓▓▓▓▓▓▓▓▓▓▓▓▓[49m[39m[47m[37m░░░[39m[49m[1m 87.4% [22m[2m(776/830)[22m[90D[2K[1mAndroid[22m [0m[2m./[22m[0m[1mindex.js[22m [32m[42m▓▓▓▓▓▓▓▓▓▓▓▓▓▓[49m[39m[47m[37m░░[39m[49m[1m 90.0% [22m[2m(794/837)[22m[90D[2K[1mAndroid[22m [0m[2m./[22m[0m[1mindex.js[22m [32m[42m▓▓▓▓▓▓▓▓▓▓▓▓▓▓[49m[39m[47m[37m░░[39m[49m[1m 90.0% [22m[2m(807/853)[22m[90D[2K[1mAndroid[22m [0m[2m./[22m[0m[1mindex.js[22m [32m[42m▓▓▓▓▓▓▓▓▓▓▓▓▓▓[49m[39m[47m[37m░░[39m[49m[1m 91.0% [22m[2m(824/864)[22m[90D[2K[1mAndroid[22m [0m[2m./[22m[0m[1mindex.js[22m [32m[42m▓▓▓▓▓▓▓▓▓▓▓▓▓▓[49m[39m[47m[37m░░[39m[49m[1m 92.5% [22m[2m(835/868)[22m[90D[2K[1mAndroid[22m [0m[2m./[22m[0m[1mindex.js[22m [32m[42m▓▓▓▓▓▓▓▓▓▓▓▓▓▓▓[49m[39m[47m[37m░[39m[49m[1m 94.1% [22m[2m(847/873)[22m[90D[2K[1mAndroid[22m [0m[2m./[22m[0m[1mindex.js[22m [32m[42m▓▓▓▓▓▓▓▓▓▓▓▓▓▓▓[49m[39m[47m[37m░[39m[49m[1m 95.1% [22m[2m(858/880)[22m[90D[2K[1mAndroid[22m [0m[2m./[22m[0m[1mindex.js[22m [32m[42m▓▓▓▓▓▓▓▓▓▓▓▓▓▓▓[49m[39m[47m[37m░[39m[49m[1m 96.4% [22m[2m(869/885)[22m[90D[2K[1mAndroid[22m [0m[2m./[22m[0m[1mindex.js[22m [32m[42m▓▓▓▓▓▓▓▓▓▓▓▓▓▓▓[49m[39m[47m[37m░[39m[49m[1m 98.0% [22m[2m(885/894)[22m[90D[2K[1mAndroid[22m [0m[2m./[22m[0m[1mindex.js[22m [32m[42m▓▓▓▓▓▓▓▓▓▓▓▓▓▓▓[49m[39m[47m[37m░[39m[49m[1m 99.3% [22m[2m(893/896)[22m[90D[2K[1mAndroid[22m [0m[2m./[22m[0m[1mindex.js[22m [32m[42m▓▓▓▓▓▓▓▓▓▓▓▓▓▓▓[49m[39m[47m[37m░[39m[49m[1m 99.6% [22m[2m(894/896)[22m[90D[2K[1mAndroid[22m [0m[2m./[22m[0m[1mindex.js[22m [32m[42m▓▓▓▓▓▓▓▓▓▓▓▓▓▓▓[49m[39m[47m[37m░[39m[49m[1m 99.6% [22m[2m(897/900)[22m[90D[2K[1mAndroid[22m [0m[2m./[22m[0m[1mindex.js[22m [32m[42m▓▓▓▓▓▓▓▓▓▓▓▓▓▓▓[49m[39m[47m[37m░[39m[49m[1m 99.6% [22m[2m(922/945)[22m[90D[2K[1mAndroid[22m [0m[2m./[22m[0m[1mindex.js[22m [32m[42m▓▓▓▓▓▓▓▓▓▓▓▓▓▓▓[49m[39m[47m[37m░[39m[49m[1m 99.6% [22m[2m(943/968)[22m[90D[2K[1mAndroid[22m [0m[2m./[22m[0m[1mindex.js[22m [32m[42m▓▓▓▓▓▓▓▓▓▓▓▓▓▓▓[49m[39m[47m[37m░[39m[49m[1m 99.6% [22m[2m(970/985)[22m[90D[2K[1mAndroid[22m [0m[2m./[22m[0m[1mindex.js[22m [32m[42m▓▓▓▓▓▓▓▓▓▓▓▓▓▓▓[49m[39m[47m[37m░[39m[49m[1m 99.8% [22m[2m(989/990)[22m[90D[2K[1mAndroid[22m [0m[2m./[22m[0m[1mindex.js[22m [32m[42m▓▓▓▓▓▓▓▓▓▓▓▓▓▓▓▓[49m[39m[1m 100.0% [22m[2m(990/990)[22m[90D[2K[32m[1mAndroid[22m Bundled [39m[2m9634ms[22m[0m[2m index.js (990 modules)[22m[0m
[1mAndroid[22m [0m[2m./[22m[0m[1mindex.js[22m [32m[42m▓▓▓▓▓▓▓▓▓▓▓▓▓▓▓▓[49m[39m[1m 100.0% [22m[2m(990/990)[22m[90D[2K[90D[2K[1mWeb[22m [0m[2m./[22m[0m[1mindex.js[22m [47m[37m░░░░░░░░░░░░░░░░[39m[49m[1m  0.0% [22m[2m(0/1)[22m[90D[2K[32m[1mWeb[22m Bundled [39m[2m91ms[22m[0m[2m index.js (1 module)[22m[0m
[1mWeb[22m [0m[2m./[22m[0m[1mindex.js[22m [47m[37m░░░░░░░░░░░░░░░░[39m[49m[1m  0.0% [22m[2m(0/1)[22m[90D[2K[90D[2K[1mWeb[22m [0m[2m./[22m[0m[1mindex.js[22m [47m[37m░░░░░░░░░░░░░░░░[39m[49m[1m  0.0% [22m[2m(0/1)[22m[90D[2K[32m[1mWeb[22m Bundled [39m[2m28ms[22m[0m[2m index.js (1 module)[22m[0m
[90D[2K[1mWeb[22m [0m[2m./[22m[0m[1mindex.js[22m [47m[37m░░░░░░░░░░░░░░░░[39m[49m[1m  0.0% [22m[2m(0/1)[22m[90D[2K[32m[1mWeb[22m Bundled [39m[2m20ms[22m[0m[2m index.js (1 module)[22m[0m
[90D[2K[1mWeb[22m [0m[2m./[22m[0m[1mindex.js[22m [47m[37m░░░░░░░░░░░░░░░░[39m[49m[1m  0.0% [22m[2m(0/1)[22m[90D[2K[32m[1mWeb[22m Bundled [39m[2m30ms[22m[0m[2m index.js (1 module)[22m[0m
[90D[2K[1mWeb[22m [0m[2m./[22m[0m[1mindex.js[22m [47m[37m░░░░░░░░░░░░░░░░[39m[49m[1m  0.0% [22m[2m(0/1)[22m[90D[2K[32m[1mWeb[22m Bundled [39m[2m58ms[22m[0m[2m index.js (1 module)[22m[0m
[1mWeb[22m [0m[2m./[22m[0m[1mindex.js[22m [47m[37m░░░░░░░░░░░░░░░░[39m[49m[1m  0.0% [22m[2m(0/1)[22m[90D[2K[90D[2K[1mWeb[22m [0m[2m./[22m[0m[1mindex.js[22m [47m[37m░░░░░░░░░░░░░░░░[39m[49m[1m  0.0% [22m[2m(0/1)[22m[90D[2K[32m[1mWeb[22m Bundled [39m[2m17ms[22m[0m[2m index.js (1 module)[22m[0m
[90D[2K[1mWeb[22m [0m[2m./[22m[0m[1mindex.js[22m [47m[37m░░░░░░░░░░░░░░░░[39m[49m[1m  0.0% [22m[2m(0/1)[22m[90D[2K[32m[1mWeb[22m Bundled [39m[2m23ms[22m[0m[2m index.js (1 module)[22m[0m
[90D[2K[1mWeb[22m [0m[2m./[22m[0m[1mindex.js[22m [47m[37m░░░░░░░░░░░░░░░░[39m[49m[1m  0.0% [22m[2m(0/1)[22m[90D[2K[32m[1mWeb[22m Bundled [39m[2m63ms[22m[0m[2m index.js (1 module)[22m[0m
[1mWeb[22m [0m[2m./[22m[0m[1mindex.js[22m [47m[37m░░░░░░░░░░░░░░░░[39m[49m[1m  0.0% [22m[2m(0/1)[22m[90D[2K[90D[2K[1mWeb[22m [0m[2m./[22m[0m[1mindex.js[22m [47m[37m░░░░░░░░░░░░░░░░[39m[49m[1m  0.0% [22m[2m(0/1)[22m[90D[2K[32m[1mWeb[22m Bundled [39m[2m19ms[22m[0m[2m index.js (1 module)[22m[0m
[90D[2K[1mWeb[22m [0m[2m./[22m[0m[1mindex.js[22m [47m[37m░░░░░░░░░░░░░░░░[39m[49m[1m  0.0% [22m[2m(0/1)[22m[90D[2K[32m[1mWeb[22m Bundled [39m[2m22ms[22m[0m[2m index.js (1 module)[22m[0m
[90D[2K[1mWeb[22m [0m[2m./[22m[0m[1mindex.js[22m [47m[37m░░░░░░░░░░░░░░░░[39m[49m[1m  0.0% [22m[2m(0/1)[22m[90D[2K[32m[1mWeb[22m Bundled [39m[2m21ms[22m[0m[2m index.js (1 module)[22m[0m
[90D[2K[1mWeb[22m [0m[2m./[22m[0m[1mindex.js[22m [47m[37m░░░░░░░░░░░░░░░░[39m[49m[1m  0.0% [22m[2m(0/1)[22m[90D[2K[32m[1mWeb[22m Bundled [39m[2m32ms[22m[0m[2m index.js (1 module)[22m[0m
[90D[2K[1mWeb[22m [0m[2m./[22m[0m[1mindex.js[22m [47m[37m░░░░░░░░░░░░░░░░[39m[49m[1m  0.0% [22m[2m(0/1)[22m[90D[2K[32m[1mWeb[22m Bundled [39m[2m32ms[22m[0m[2m index.js (1 module)[22m[0m
[90D[2K[1mWeb[22m [0m[2m./[22m[0m[1mindex.js[22m [47m[37m░░░░░░░░░░░░░░░░[39m[49m[1m  0.0% [22m[2m(0/1)[22m[90D[2K[32m[1mWeb[22m Bundled [39m[2m42ms[22m[0m[2m index.js (1 module)[22m[0m
[1mWeb[22m [0m[2m./[22m[0m[1mindex.js[22m [47m[37m░░░░░░░░░░░░░░░░[39m[49m[1m  0.0% [22m[2m(0/1)[22m[90D[2K[90D[2K[1mWeb[22m [0m[2m./[22m[0m[1mindex.js[22m [47m[37m░░░░░░░░░░░░░░░░[39m[49m[1m  0.0% [22m[2m(0/1)[22m[90D[2K[32m[1mWeb[22m Bundled [39m[2m39ms[22m[0m[2m index.js (1 module)[22m[0m
[1mWeb[22m [0m[2m./[22m[0m[1mindex.js[22m [47m[37m░░░░░░░░░░░░░░░░[39m[49m[1m  0.0% [22m[2m(0/1)[22m[90D[2K[90D[2K[1mWeb[22m [0m[2m./[22m[0m[1mindex.js[22m [47m[37m░░░░░░░░░░░░░░░░[39m[49m[1m  0.0% [22m[2m(0/1)[22m[90D[2K[32m[1mWeb[22m Bundled [39m[2m17ms[22m[0m[2m index.js (1 module)[22m[0m
[90D[2K[1mWeb[22m [0m[2m./[22m[0m[1mindex.js[22m [47m[37m░░░░░░░░░░░░░░░░[39m[49m[1m  0.0% [22m[2m(0/1)[22m[90D[2K[32m[1mWeb[22m Bundled [39m[2m43ms[22m[0m[2m index.js (1 module)[22m[0m
[1mWeb[22m [0m[2m./[22m[0m[1mindex.js[22m [47m[37m░░░░░░░░░░░░░░░░[39m[49m[1m  0.0% [22m[2m(0/1)[22m[90D[2K[90D[2K[1mWeb[22m [0m[2m./[22m[0m[1mindex.js[22m [47m[37m░░░░░░░░░░░░░░░░[39m[49m[1m  0.0% [22m[2m(0/1)[22m[90D[2K[32m[1mWeb[22m Bundled [39m[2m37ms[22m[0m[2m index.js (1 module)[22m[0m
[1mWeb[22m [0m[